2022-09-15 13:09:42.481 [main] INFO  com.hdz.socialplatform.SocialplatformApplication - Starting SocialplatformApplication using Java 12.0.2 on Hdz with PID 33032 (E:\Project\IdeaProjects\socialplatform\target\classes started by Administrator in E:\Project\IdeaProjects\socialplatform)
2022-09-15 13:09:42.496 [main] INFO  com.hdz.socialplatform.SocialplatformApplication - No active profile set, falling back to default profiles: default
2022-09-15 13:09:43.909 [main] INFO  org.apache.coyote.http11.Http11NioProtocol - Initializing ProtocolHandler ["http-nio-8081"]
2022-09-15 13:09:43.910 [main] INFO  org.apache.catalina.core.StandardService - Starting service [Tomcat]
2022-09-15 13:09:43.912 [main] INFO  org.apache.catalina.core.StandardEngine - Starting Servlet engine: [Apache Tomcat/9.0.56]
2022-09-15 13:09:44.093 [main] INFO  org.apache.catalina.core.ContainerBase.[Tomcat].[localhost].[/platform] - Initializing Spring embedded WebApplicationContext
2022-09-15 13:09:45.433 [main] INFO  org.apache.coyote.http11.Http11NioProtocol - Starting ProtocolHandler ["http-nio-8081"]
2022-09-15 13:09:45.477 [main] INFO  com.hdz.socialplatform.SocialplatformApplication - Started SocialplatformApplication in 3.54 seconds (JVM running for 4.405)
2022-10-15 13:10:14.628 [http-nio-8081-exec-1] INFO  org.apache.catalina.core.ContainerBase.[Tomcat].[localhost].[/platform] - Initializing Spring DispatcherServlet 'dispatcherServlet'
2022-10-15 13:10:14.728 [http-nio-8081-exec-1] INFO  com.alibaba.druid.pool.DruidDataSource - {dataSource-1} inited
2022-48-15 14:48:48.762 [main] INFO  com.hdz.socialplatform.SocialplatformApplication - Starting SocialplatformApplication using Java 12.0.2 on Hdz with PID 3172 (E:\Project\IdeaProjects\socialplatform\target\classes started by Administrator in E:\Project\IdeaProjects\socialplatform)
2022-48-15 14:48:48.770 [main] INFO  com.hdz.socialplatform.SocialplatformApplication - No active profile set, falling back to default profiles: default
2022-48-15 14:48:49.843 [main] INFO  org.apache.coyote.http11.Http11NioProtocol - Initializing ProtocolHandler ["http-nio-8081"]
2022-48-15 14:48:49.843 [main] INFO  org.apache.catalina.core.StandardService - Starting service [Tomcat]
2022-48-15 14:48:49.844 [main] INFO  org.apache.catalina.core.StandardEngine - Starting Servlet engine: [Apache Tomcat/9.0.56]
2022-48-15 14:48:49.910 [main] INFO  org.apache.catalina.core.ContainerBase.[Tomcat].[localhost].[/platform] - Initializing Spring embedded WebApplicationContext
2022-48-15 14:48:50.568 [main] INFO  org.apache.coyote.http11.Http11NioProtocol - Starting ProtocolHandler ["http-nio-8081"]
2022-48-15 14:48:50.591 [main] INFO  com.hdz.socialplatform.SocialplatformApplication - Started SocialplatformApplication in 2.259 seconds (JVM running for 3.224)
2022-48-15 14:48:56.590 [http-nio-8081-exec-1] INFO  org.apache.catalina.core.ContainerBase.[Tomcat].[localhost].[/platform] - Initializing Spring DispatcherServlet 'dispatcherServlet'
2022-48-15 14:48:56.651 [http-nio-8081-exec-1] INFO  com.alibaba.druid.pool.DruidDataSource - {dataSource-1} inited
2022-53-15 14:53:42.799 [main] INFO  com.hdz.socialplatform.SocialplatformApplication - Starting SocialplatformApplication using Java 12.0.2 on Hdz with PID 11888 (E:\Project\IdeaProjects\socialplatform\target\classes started by Administrator in E:\Project\IdeaProjects\socialplatform)
2022-53-15 14:53:42.807 [main] INFO  com.hdz.socialplatform.SocialplatformApplication - No active profile set, falling back to default profiles: default
2022-53-15 14:53:43.938 [main] INFO  org.apache.coyote.http11.Http11NioProtocol - Initializing ProtocolHandler ["http-nio-8081"]
2022-53-15 14:53:43.939 [main] INFO  org.apache.catalina.core.StandardService - Starting service [Tomcat]
2022-53-15 14:53:43.939 [main] INFO  org.apache.catalina.core.StandardEngine - Starting Servlet engine: [Apache Tomcat/9.0.56]
2022-53-15 14:53:44.003 [main] INFO  org.apache.catalina.core.ContainerBase.[Tomcat].[localhost].[/platform] - Initializing Spring embedded WebApplicationContext
2022-53-15 14:53:44.742 [main] INFO  org.apache.coyote.http11.Http11NioProtocol - Starting ProtocolHandler ["http-nio-8081"]
2022-53-15 14:53:44.765 [main] INFO  com.hdz.socialplatform.SocialplatformApplication - Started SocialplatformApplication in 2.377 seconds (JVM running for 3.231)
2022-53-15 14:53:51.190 [http-nio-8081-exec-1] INFO  org.apache.catalina.core.ContainerBase.[Tomcat].[localhost].[/platform] - Initializing Spring DispatcherServlet 'dispatcherServlet'
2022-53-15 14:53:51.253 [http-nio-8081-exec-1] INFO  com.alibaba.druid.pool.DruidDataSource - {dataSource-1} inited
