2022-59-23 15:59:09.212 [main] INFO  com.hdz.socialplatform.SocialPlatformApplication(StartupInfoLogger.java:55) - Starting SocialPlatformApplication using Java 12.0.2 on Hdz with PID 26532 (E:\Project\IdeaProjects\socialplatform\target\classes started by Administrator in E:\Project\IdeaProjects\socialplatform)
2022-59-23 15:59:09.224 [main] INFO  com.hdz.socialplatform.SocialPlatformApplication(SpringApplication.java:637) - No active profile set, falling back to default profiles: default
2022-59-23 15:59:10.591 [main] INFO  org.apache.coyote.http11.Http11NioProtocol(DirectJDKLog.java:173) - Initializing ProtocolHandler ["http-nio-8081"]
2022-59-23 15:59:10.592 [main] INFO  org.apache.catalina.core.StandardService(DirectJDKLog.java:173) - Starting service [Tomcat]
2022-59-23 15:59:10.593 [main] INFO  org.apache.catalina.core.StandardEngine(DirectJDKLog.java:173) - Starting Servlet engine: [Apache Tomcat/9.0.56]
2022-59-23 15:59:10.692 [main] INFO  org.apache.catalina.core.ContainerBase.[Tomcat].[localhost].[/platform](DirectJDKLog.java:173) - Initializing Spring embedded WebApplicationContext
2022-59-23 15:59:11.694 [main] INFO  org.apache.coyote.http11.Http11NioProtocol(DirectJDKLog.java:173) - Starting ProtocolHandler ["http-nio-8081"]
2022-59-23 15:59:11.725 [main] INFO  com.hdz.socialplatform.SocialPlatformApplication(StartupInfoLogger.java:61) - Started SocialPlatformApplication in 3.159 seconds (JVM running for 4.512)
2022-59-23 15:59:11.897 [http-nio-8081-exec-1] INFO  org.apache.catalina.core.ContainerBase.[Tomcat].[localhost].[/platform](DirectJDKLog.java:173) - Initializing Spring DispatcherServlet 'dispatcherServlet'
2022-59-23 15:59:12.189 [http-nio-8081-exec-1] WARN  org.apache.catalina.util.SessionIdGeneratorBase(DirectJDKLog.java:173) - Creation of SecureRandom instance for session ID generation using [SHA1PRNG] took [249] milliseconds.
2022-59-23 15:59:15.142 [http-nio-8081-exec-5] INFO  com.alibaba.druid.pool.DruidDataSource(DruidDataSource.java:923) - {dataSource-1} inited
2022-59-23 15:59:15.318 [http-nio-8081-exec-5] INFO  com.hdz.socialplatform.controller.UserController(UserController.java:52) - User{id=1, name='xiao', avatar='xiao.png', profile='降魔大圣', fansNum=3, followsNum=4, events=null}
2022-59-23 15:59:55.468 [main] INFO  com.hdz.socialplatform.SocialPlatformApplication(StartupInfoLogger.java:55) - Starting SocialPlatformApplication using Java 12.0.2 on Hdz with PID 35608 (E:\Project\IdeaProjects\socialplatform\target\classes started by Administrator in E:\Project\IdeaProjects\socialplatform)
2022-59-23 15:59:55.476 [main] INFO  com.hdz.socialplatform.SocialPlatformApplication(SpringApplication.java:637) - No active profile set, falling back to default profiles: default
2022-59-23 15:59:56.500 [main] INFO  org.apache.coyote.http11.Http11NioProtocol(DirectJDKLog.java:173) - Initializing ProtocolHandler ["http-nio-8081"]
2022-59-23 15:59:56.501 [main] INFO  org.apache.catalina.core.StandardService(DirectJDKLog.java:173) - Starting service [Tomcat]
2022-59-23 15:59:56.501 [main] INFO  org.apache.catalina.core.StandardEngine(DirectJDKLog.java:173) - Starting Servlet engine: [Apache Tomcat/9.0.56]
2022-59-23 15:59:56.567 [main] INFO  org.apache.catalina.core.ContainerBase.[Tomcat].[localhost].[/platform](DirectJDKLog.java:173) - Initializing Spring embedded WebApplicationContext
2022-59-23 15:59:57.375 [main] INFO  org.apache.coyote.http11.Http11NioProtocol(DirectJDKLog.java:173) - Starting ProtocolHandler ["http-nio-8081"]
2022-59-23 15:59:57.399 [main] INFO  com.hdz.socialplatform.SocialPlatformApplication(StartupInfoLogger.java:61) - Started SocialPlatformApplication in 2.485 seconds (JVM running for 3.382)
2022-00-23 16:00:31.058 [http-nio-8081-exec-1] INFO  org.apache.catalina.core.ContainerBase.[Tomcat].[localhost].[/platform](DirectJDKLog.java:173) - Initializing Spring DispatcherServlet 'dispatcherServlet'
2022-00-23 16:00:31.250 [http-nio-8081-exec-1] WARN  org.apache.catalina.util.SessionIdGeneratorBase(DirectJDKLog.java:173) - Creation of SecureRandom instance for session ID generation using [SHA1PRNG] took [169] milliseconds.
2022-00-23 16:00:32.401 [http-nio-8081-exec-3] INFO  com.alibaba.druid.pool.DruidDataSource(DruidDataSource.java:923) - {dataSource-1} inited
2022-00-23 16:00:32.539 [http-nio-8081-exec-3] INFO  com.hdz.socialplatform.controller.UserController(UserController.java:52) - User{id=1, name='xiao', avatar='xiao.png', profile='降魔大圣', fansNum=3, followsNum=4, events=null}
2022-01-23 16:01:56.182 [main] INFO  com.hdz.socialplatform.SocialPlatformApplication(StartupInfoLogger.java:55) - Starting SocialPlatformApplication using Java 12.0.2 on Hdz with PID 9060 (E:\Project\IdeaProjects\socialplatform\target\classes started by Administrator in E:\Project\IdeaProjects\socialplatform)
2022-01-23 16:01:56.193 [main] INFO  com.hdz.socialplatform.SocialPlatformApplication(SpringApplication.java:637) - No active profile set, falling back to default profiles: default
2022-01-23 16:01:57.241 [main] INFO  org.apache.coyote.http11.Http11NioProtocol(DirectJDKLog.java:173) - Initializing ProtocolHandler ["http-nio-8081"]
2022-01-23 16:01:57.242 [main] INFO  org.apache.catalina.core.StandardService(DirectJDKLog.java:173) - Starting service [Tomcat]
2022-01-23 16:01:57.242 [main] INFO  org.apache.catalina.core.StandardEngine(DirectJDKLog.java:173) - Starting Servlet engine: [Apache Tomcat/9.0.56]
2022-01-23 16:01:57.308 [main] INFO  org.apache.catalina.core.ContainerBase.[Tomcat].[localhost].[/platform](DirectJDKLog.java:173) - Initializing Spring embedded WebApplicationContext
2022-01-23 16:01:58.057 [main] INFO  org.apache.coyote.http11.Http11NioProtocol(DirectJDKLog.java:173) - Starting ProtocolHandler ["http-nio-8081"]
2022-01-23 16:01:58.081 [main] INFO  com.hdz.socialplatform.SocialPlatformApplication(StartupInfoLogger.java:61) - Started SocialPlatformApplication in 2.386 seconds (JVM running for 3.197)
2022-02-23 16:02:06.751 [http-nio-8081-exec-1] INFO  org.apache.catalina.core.ContainerBase.[Tomcat].[localhost].[/platform](DirectJDKLog.java:173) - Initializing Spring DispatcherServlet 'dispatcherServlet'
2022-04-23 16:04:38.809 [main] INFO  com.hdz.socialplatform.SocialPlatformApplication(StartupInfoLogger.java:55) - Starting SocialPlatformApplication using Java 12.0.2 on Hdz with PID 20132 (E:\Project\IdeaProjects\socialplatform\target\classes started by Administrator in E:\Project\IdeaProjects\socialplatform)
2022-04-23 16:04:38.822 [main] INFO  com.hdz.socialplatform.SocialPlatformApplication(SpringApplication.java:637) - No active profile set, falling back to default profiles: default
2022-04-23 16:04:39.839 [main] INFO  org.apache.coyote.http11.Http11NioProtocol(DirectJDKLog.java:173) - Initializing ProtocolHandler ["http-nio-8081"]
2022-04-23 16:04:39.840 [main] INFO  org.apache.catalina.core.StandardService(DirectJDKLog.java:173) - Starting service [Tomcat]
2022-04-23 16:04:39.840 [main] INFO  org.apache.catalina.core.StandardEngine(DirectJDKLog.java:173) - Starting Servlet engine: [Apache Tomcat/9.0.56]
2022-04-23 16:04:39.905 [main] INFO  org.apache.catalina.core.ContainerBase.[Tomcat].[localhost].[/platform](DirectJDKLog.java:173) - Initializing Spring embedded WebApplicationContext
2022-04-23 16:04:40.641 [main] INFO  org.apache.coyote.http11.Http11NioProtocol(DirectJDKLog.java:173) - Starting ProtocolHandler ["http-nio-8081"]
2022-04-23 16:04:40.666 [main] INFO  com.hdz.socialplatform.SocialPlatformApplication(StartupInfoLogger.java:61) - Started SocialPlatformApplication in 2.319 seconds (JVM running for 3.15)
2022-04-23 16:04:43.598 [http-nio-8081-exec-1] INFO  org.apache.catalina.core.ContainerBase.[Tomcat].[localhost].[/platform](DirectJDKLog.java:173) - Initializing Spring DispatcherServlet 'dispatcherServlet'
2022-51-23 16:51:58.025 [main] INFO  com.hdz.socialplatform.SocialPlatformApplication(StartupInfoLogger.java:55) - Starting SocialPlatformApplication using Java 12.0.2 on Hdz with PID 6884 (E:\Project\IdeaProjects\socialplatform\target\classes started by Administrator in E:\Project\IdeaProjects\socialplatform)
2022-51-23 16:51:58.034 [main] INFO  com.hdz.socialplatform.SocialPlatformApplication(SpringApplication.java:637) - No active profile set, falling back to default profiles: default
2022-51-23 16:51:59.026 [main] INFO  org.apache.coyote.http11.Http11NioProtocol(DirectJDKLog.java:173) - Initializing ProtocolHandler ["http-nio-8081"]
2022-51-23 16:51:59.027 [main] INFO  org.apache.catalina.core.StandardService(DirectJDKLog.java:173) - Starting service [Tomcat]
2022-51-23 16:51:59.027 [main] INFO  org.apache.catalina.core.StandardEngine(DirectJDKLog.java:173) - Starting Servlet engine: [Apache Tomcat/9.0.56]
2022-51-23 16:51:59.094 [main] INFO  org.apache.catalina.core.ContainerBase.[Tomcat].[localhost].[/platform](DirectJDKLog.java:173) - Initializing Spring embedded WebApplicationContext
2022-51-23 16:51:59.921 [main] INFO  org.apache.coyote.http11.Http11NioProtocol(DirectJDKLog.java:173) - Starting ProtocolHandler ["http-nio-8081"]
2022-51-23 16:51:59.946 [main] INFO  com.hdz.socialplatform.SocialPlatformApplication(StartupInfoLogger.java:61) - Started SocialPlatformApplication in 2.335 seconds (JVM running for 3.204)
2022-52-23 16:52:35.196 [http-nio-8081-exec-1] INFO  org.apache.catalina.core.ContainerBase.[Tomcat].[localhost].[/platform](DirectJDKLog.java:173) - Initializing Spring DispatcherServlet 'dispatcherServlet'
2022-52-23 16:52:35.537 [http-nio-8081-exec-1] WARN  org.apache.catalina.util.SessionIdGeneratorBase(DirectJDKLog.java:173) - Creation of SecureRandom instance for session ID generation using [SHA1PRNG] took [294] milliseconds.
2022-52-23 16:52:37.086 [http-nio-8081-exec-3] INFO  com.alibaba.druid.pool.DruidDataSource(DruidDataSource.java:923) - {dataSource-1} inited
2022-52-23 16:52:37.227 [http-nio-8081-exec-3] INFO  com.hdz.socialplatform.controller.UserController(UserController.java:52) - User{id=1, name='xiao', avatar='xiao.png', profile='降魔大圣', fansNum=3, followsNum=4, events=null}
2022-54-23 16:54:35.586 [main] INFO  com.hdz.socialplatform.SocialPlatformApplication(StartupInfoLogger.java:55) - Starting SocialPlatformApplication using Java 12.0.2 on Hdz with PID 34848 (E:\Project\IdeaProjects\socialplatform\target\classes started by Administrator in E:\Project\IdeaProjects\socialplatform)
2022-54-23 16:54:35.598 [main] INFO  com.hdz.socialplatform.SocialPlatformApplication(SpringApplication.java:637) - No active profile set, falling back to default profiles: default
2022-54-23 16:54:36.591 [main] INFO  org.apache.coyote.http11.Http11NioProtocol(DirectJDKLog.java:173) - Initializing ProtocolHandler ["http-nio-8081"]
2022-54-23 16:54:36.591 [main] INFO  org.apache.catalina.core.StandardService(DirectJDKLog.java:173) - Starting service [Tomcat]
2022-54-23 16:54:36.592 [main] INFO  org.apache.catalina.core.StandardEngine(DirectJDKLog.java:173) - Starting Servlet engine: [Apache Tomcat/9.0.56]
2022-54-23 16:54:36.660 [main] INFO  org.apache.catalina.core.ContainerBase.[Tomcat].[localhost].[/platform](DirectJDKLog.java:173) - Initializing Spring embedded WebApplicationContext
2022-54-23 16:54:37.395 [main] INFO  org.apache.coyote.http11.Http11NioProtocol(DirectJDKLog.java:173) - Starting ProtocolHandler ["http-nio-8081"]
2022-54-23 16:54:37.418 [main] INFO  com.hdz.socialplatform.SocialPlatformApplication(StartupInfoLogger.java:61) - Started SocialPlatformApplication in 2.235 seconds (JVM running for 3.02)
2022-54-23 16:54:41.416 [http-nio-8081-exec-1] INFO  org.apache.catalina.core.ContainerBase.[Tomcat].[localhost].[/platform](DirectJDKLog.java:173) - Initializing Spring DispatcherServlet 'dispatcherServlet'
2022-54-23 16:54:41.522 [http-nio-8081-exec-1] ERROR freemarker.runtime(_JULLoggerFactory.java:60) - Error executing FreeMarker template
freemarker.core.InvalidReferenceException: The following has evaluated to null or missing:
==> user  [in template "page/home.ftl" at line 10, column 42]

----
Tip: If the failing expression is known to legally refer to something that's sometimes null or missing, either specify a default value like myOptionalVar!myDefault, or use <#if myOptionalVar??>when-present<#else>when-missing</#if>. (These only cover the last step of the expression; to cover the whole expression, use parenthesis: (myOptionalVar.foo)!myDefault, (myOptionalVar.foo)??
----

----
FTL stack trace ("~" means nesting-related):
	- Failed at: ${followPath + "/follow/" + user.id}  [in template "page/home.ftl" at line 10, column 18]
----
	at freemarker.core.InvalidReferenceException.getInstance(InvalidReferenceException.java:134) ~[freemarker-2.3.31.jar:2.3.31]
	at freemarker.core.UnexpectedTypeException.newDescriptionBuilder(UnexpectedTypeException.java:85) ~[freemarker-2.3.31.jar:2.3.31]
	at freemarker.core.UnexpectedTypeException.<init>(UnexpectedTypeException.java:48) ~[freemarker-2.3.31.jar:2.3.31]
	at freemarker.core.NonHashException.<init>(NonHashException.java:49) ~[freemarker-2.3.31.jar:2.3.31]
	at freemarker.core.Dot._eval(Dot.java:48) ~[freemarker-2.3.31.jar:2.3.31]
	at freemarker.core.Expression.eval(Expression.java:101) ~[freemarker-2.3.31.jar:2.3.31]
	at freemarker.core.AddConcatExpression._eval(AddConcatExpression.java:57) ~[freemarker-2.3.31.jar:2.3.31]
	at freemarker.core.Expression.eval(Expression.java:101) ~[freemarker-2.3.31.jar:2.3.31]
	at freemarker.core.DollarVariable.calculateInterpolatedStringOrMarkup(DollarVariable.java:100) ~[freemarker-2.3.31.jar:2.3.31]
	at freemarker.core.DollarVariable.accept(DollarVariable.java:63) ~[freemarker-2.3.31.jar:2.3.31]
	at freemarker.core.Environment.visit(Environment.java:347) [freemarker-2.3.31.jar:2.3.31]
	at freemarker.core.Environment.visit(Environment.java:353) [freemarker-2.3.31.jar:2.3.31]
	at freemarker.core.Environment.process(Environment.java:326) [freemarker-2.3.31.jar:2.3.31]
	at freemarker.template.Template.process(Template.java:383) [freemarker-2.3.31.jar:2.3.31]
	at org.springframework.web.servlet.view.freemarker.FreeMarkerView.processTemplate(FreeMarkerView.java:391) [spring-webmvc-5.3.15.jar:5.3.15]
	at org.springframework.web.servlet.view.freemarker.FreeMarkerView.doRender(FreeMarkerView.java:304) [spring-webmvc-5.3.15.jar:5.3.15]
	at org.springframework.web.servlet.view.freemarker.FreeMarkerView.renderMergedTemplateModel(FreeMarkerView.java:255) [spring-webmvc-5.3.15.jar:5.3.15]
	at org.springframework.web.servlet.view.AbstractTemplateView.renderMergedOutputModel(AbstractTemplateView.java:179) [spring-webmvc-5.3.15.jar:5.3.15]
	at org.springframework.web.servlet.view.AbstractView.render(AbstractView.java:316) [spring-webmvc-5.3.15.jar:5.3.15]
	at org.springframework.web.servlet.DispatcherServlet.render(DispatcherServlet.java:1401) [spring-webmvc-5.3.15.jar:5.3.15]
	at org.springframework.web.servlet.DispatcherServlet.processDispatchResult(DispatcherServlet.java:1145) [spring-webmvc-5.3.15.jar:5.3.15]
	at org.springframework.web.servlet.DispatcherServlet.doDispatch(DispatcherServlet.java:1084) [spring-webmvc-5.3.15.jar:5.3.15]
	at org.springframework.web.servlet.DispatcherServlet.doService(DispatcherServlet.java:963) [spring-webmvc-5.3.15.jar:5.3.15]
	at org.springframework.web.servlet.FrameworkServlet.processRequest(FrameworkServlet.java:1006) [spring-webmvc-5.3.15.jar:5.3.15]
	at org.springframework.web.servlet.FrameworkServlet.doPost(FrameworkServlet.java:909) [spring-webmvc-5.3.15.jar:5.3.15]
	at javax.servlet.http.HttpServlet.service(HttpServlet.java:681) [tomcat-embed-core-9.0.56.jar:4.0.FR]
	at org.springframework.web.servlet.FrameworkServlet.service(FrameworkServlet.java:883) [spring-webmvc-5.3.15.jar:5.3.15]
	at javax.servlet.http.HttpServlet.service(HttpServlet.java:764) [tomcat-embed-core-9.0.56.jar:4.0.FR]
	at org.apache.catalina.core.ApplicationFilterChain.internalDoFilter(ApplicationFilterChain.java:227) [tomcat-embed-core-9.0.56.jar:9.0.56]
	at org.apache.catalina.core.ApplicationFilterChain.doFilter(ApplicationFilterChain.java:162) [tomcat-embed-core-9.0.56.jar:9.0.56]
	at org.apache.tomcat.websocket.server.WsFilter.doFilter(WsFilter.java:53) [tomcat-embed-websocket-9.0.56.jar:9.0.56]
	at org.apache.catalina.core.ApplicationFilterChain.internalDoFilter(ApplicationFilterChain.java:189) [tomcat-embed-core-9.0.56.jar:9.0.56]
	at org.apache.catalina.core.ApplicationFilterChain.doFilter(ApplicationFilterChain.java:162) [tomcat-embed-core-9.0.56.jar:9.0.56]
	at org.springframework.web.filter.RequestContextFilter.doFilterInternal(RequestContextFilter.java:100) [spring-web-5.3.15.jar:5.3.15]
	at org.springframework.web.filter.OncePerRequestFilter.doFilter(OncePerRequestFilter.java:117) [spring-web-5.3.15.jar:5.3.15]
	at org.apache.catalina.core.ApplicationFilterChain.internalDoFilter(ApplicationFilterChain.java:189) [tomcat-embed-core-9.0.56.jar:9.0.56]
	at org.apache.catalina.core.ApplicationFilterChain.doFilter(ApplicationFilterChain.java:162) [tomcat-embed-core-9.0.56.jar:9.0.56]
	at org.springframework.web.filter.FormContentFilter.doFilterInternal(FormContentFilter.java:93) [spring-web-5.3.15.jar:5.3.15]
	at org.springframework.web.filter.OncePerRequestFilter.doFilter(OncePerRequestFilter.java:117) [spring-web-5.3.15.jar:5.3.15]
	at org.apache.catalina.core.ApplicationFilterChain.internalDoFilter(ApplicationFilterChain.java:189) [tomcat-embed-core-9.0.56.jar:9.0.56]
	at org.apache.catalina.core.ApplicationFilterChain.doFilter(ApplicationFilterChain.java:162) [tomcat-embed-core-9.0.56.jar:9.0.56]
	at org.springframework.web.filter.CharacterEncodingFilter.doFilterInternal(CharacterEncodingFilter.java:201) [spring-web-5.3.15.jar:5.3.15]
	at org.springframework.web.filter.OncePerRequestFilter.doFilter(OncePerRequestFilter.java:117) [spring-web-5.3.15.jar:5.3.15]
	at org.apache.catalina.core.ApplicationFilterChain.internalDoFilter(ApplicationFilterChain.java:189) [tomcat-embed-core-9.0.56.jar:9.0.56]
	at org.apache.catalina.core.ApplicationFilterChain.doFilter(ApplicationFilterChain.java:162) [tomcat-embed-core-9.0.56.jar:9.0.56]
	at org.apache.catalina.core.StandardWrapperValve.invoke(StandardWrapperValve.java:197) [tomcat-embed-core-9.0.56.jar:9.0.56]
	at org.apache.catalina.core.StandardContextValve.invoke(StandardContextValve.java:97) [tomcat-embed-core-9.0.56.jar:9.0.56]
	at org.apache.catalina.authenticator.AuthenticatorBase.invoke(AuthenticatorBase.java:540) [tomcat-embed-core-9.0.56.jar:9.0.56]
	at org.apache.catalina.core.StandardHostValve.invoke(StandardHostValve.java:135) [tomcat-embed-core-9.0.56.jar:9.0.56]
	at org.apache.catalina.valves.ErrorReportValve.invoke(ErrorReportValve.java:92) [tomcat-embed-core-9.0.56.jar:9.0.56]
	at org.apache.catalina.core.StandardEngineValve.invoke(StandardEngineValve.java:78) [tomcat-embed-core-9.0.56.jar:9.0.56]
	at org.apache.catalina.connector.CoyoteAdapter.service(CoyoteAdapter.java:357) [tomcat-embed-core-9.0.56.jar:9.0.56]
	at org.apache.coyote.http11.Http11Processor.service(Http11Processor.java:382) [tomcat-embed-core-9.0.56.jar:9.0.56]
	at org.apache.coyote.AbstractProcessorLight.process(AbstractProcessorLight.java:65) [tomcat-embed-core-9.0.56.jar:9.0.56]
	at org.apache.coyote.AbstractProtocol$ConnectionHandler.process(AbstractProtocol.java:895) [tomcat-embed-core-9.0.56.jar:9.0.56]
	at org.apache.tomcat.util.net.NioEndpoint$SocketProcessor.doRun(NioEndpoint.java:1732) [tomcat-embed-core-9.0.56.jar:9.0.56]
	at org.apache.tomcat.util.net.SocketProcessorBase.run(SocketProcessorBase.java:49) [tomcat-embed-core-9.0.56.jar:9.0.56]
	at org.apache.tomcat.util.threads.ThreadPoolExecutor.runWorker(ThreadPoolExecutor.java:1191) [tomcat-embed-core-9.0.56.jar:9.0.56]
	at org.apache.tomcat.util.threads.ThreadPoolExecutor$Worker.run(ThreadPoolExecutor.java:659) [tomcat-embed-core-9.0.56.jar:9.0.56]
	at org.apache.tomcat.util.threads.TaskThread$WrappingRunnable.run(TaskThread.java:61) [tomcat-embed-core-9.0.56.jar:9.0.56]
	at java.lang.Thread.run(Thread.java:835) [?:?]
2022-54-23 16:54:41.548 [http-nio-8081-exec-1] ERROR org.apache.catalina.core.ContainerBase.[Tomcat].[localhost].[/platform].[dispatcherServlet](DirectJDKLog.java:175) - Servlet.service() for servlet [dispatcherServlet] in context with path [/platform] threw exception [Request processing failed; nested exception is freemarker.core.InvalidReferenceException: The following has evaluated to null or missing:
==> user  [in template "page/home.ftl" at line 10, column 42]

----
Tip: If the failing expression is known to legally refer to something that's sometimes null or missing, either specify a default value like myOptionalVar!myDefault, or use <#if myOptionalVar??>when-present<#else>when-missing</#if>. (These only cover the last step of the expression; to cover the whole expression, use parenthesis: (myOptionalVar.foo)!myDefault, (myOptionalVar.foo)??
----

----
FTL stack trace ("~" means nesting-related):
	- Failed at: ${followPath + "/follow/" + user.id}  [in template "page/home.ftl" at line 10, column 18]
----] with root cause
freemarker.core.InvalidReferenceException: The following has evaluated to null or missing:
==> user  [in template "page/home.ftl" at line 10, column 42]

----
Tip: If the failing expression is known to legally refer to something that's sometimes null or missing, either specify a default value like myOptionalVar!myDefault, or use <#if myOptionalVar??>when-present<#else>when-missing</#if>. (These only cover the last step of the expression; to cover the whole expression, use parenthesis: (myOptionalVar.foo)!myDefault, (myOptionalVar.foo)??
----

----
FTL stack trace ("~" means nesting-related):
	- Failed at: ${followPath + "/follow/" + user.id}  [in template "page/home.ftl" at line 10, column 18]
----
	at freemarker.core.InvalidReferenceException.getInstance(InvalidReferenceException.java:134) ~[freemarker-2.3.31.jar:2.3.31]
	at freemarker.core.UnexpectedTypeException.newDescriptionBuilder(UnexpectedTypeException.java:85) ~[freemarker-2.3.31.jar:2.3.31]
	at freemarker.core.UnexpectedTypeException.<init>(UnexpectedTypeException.java:48) ~[freemarker-2.3.31.jar:2.3.31]
	at freemarker.core.NonHashException.<init>(NonHashException.java:49) ~[freemarker-2.3.31.jar:2.3.31]
	at freemarker.core.Dot._eval(Dot.java:48) ~[freemarker-2.3.31.jar:2.3.31]
	at freemarker.core.Expression.eval(Expression.java:101) ~[freemarker-2.3.31.jar:2.3.31]
	at freemarker.core.AddConcatExpression._eval(AddConcatExpression.java:57) ~[freemarker-2.3.31.jar:2.3.31]
	at freemarker.core.Expression.eval(Expression.java:101) ~[freemarker-2.3.31.jar:2.3.31]
	at freemarker.core.DollarVariable.calculateInterpolatedStringOrMarkup(DollarVariable.java:100) ~[freemarker-2.3.31.jar:2.3.31]
	at freemarker.core.DollarVariable.accept(DollarVariable.java:63) ~[freemarker-2.3.31.jar:2.3.31]
	at freemarker.core.Environment.visit(Environment.java:347) ~[freemarker-2.3.31.jar:2.3.31]
	at freemarker.core.Environment.visit(Environment.java:353) ~[freemarker-2.3.31.jar:2.3.31]
	at freemarker.core.Environment.process(Environment.java:326) ~[freemarker-2.3.31.jar:2.3.31]
	at freemarker.template.Template.process(Template.java:383) ~[freemarker-2.3.31.jar:2.3.31]
	at org.springframework.web.servlet.view.freemarker.FreeMarkerView.processTemplate(FreeMarkerView.java:391) ~[spring-webmvc-5.3.15.jar:5.3.15]
	at org.springframework.web.servlet.view.freemarker.FreeMarkerView.doRender(FreeMarkerView.java:304) ~[spring-webmvc-5.3.15.jar:5.3.15]
	at org.springframework.web.servlet.view.freemarker.FreeMarkerView.renderMergedTemplateModel(FreeMarkerView.java:255) ~[spring-webmvc-5.3.15.jar:5.3.15]
	at org.springframework.web.servlet.view.AbstractTemplateView.renderMergedOutputModel(AbstractTemplateView.java:179) ~[spring-webmvc-5.3.15.jar:5.3.15]
	at org.springframework.web.servlet.view.AbstractView.render(AbstractView.java:316) ~[spring-webmvc-5.3.15.jar:5.3.15]
	at org.springframework.web.servlet.DispatcherServlet.render(DispatcherServlet.java:1401) ~[spring-webmvc-5.3.15.jar:5.3.15]
	at org.springframework.web.servlet.DispatcherServlet.processDispatchResult(DispatcherServlet.java:1145) ~[spring-webmvc-5.3.15.jar:5.3.15]
	at org.springframework.web.servlet.DispatcherServlet.doDispatch(DispatcherServlet.java:1084) ~[spring-webmvc-5.3.15.jar:5.3.15]
	at org.springframework.web.servlet.DispatcherServlet.doService(DispatcherServlet.java:963) ~[spring-webmvc-5.3.15.jar:5.3.15]
	at org.springframework.web.servlet.FrameworkServlet.processRequest(FrameworkServlet.java:1006) ~[spring-webmvc-5.3.15.jar:5.3.15]
	at org.springframework.web.servlet.FrameworkServlet.doPost(FrameworkServlet.java:909) ~[spring-webmvc-5.3.15.jar:5.3.15]
	at javax.servlet.http.HttpServlet.service(HttpServlet.java:681) ~[tomcat-embed-core-9.0.56.jar:4.0.FR]
	at org.springframework.web.servlet.FrameworkServlet.service(FrameworkServlet.java:883) ~[spring-webmvc-5.3.15.jar:5.3.15]
	at javax.servlet.http.HttpServlet.service(HttpServlet.java:764) ~[tomcat-embed-core-9.0.56.jar:4.0.FR]
	at org.apache.catalina.core.ApplicationFilterChain.internalDoFilter(ApplicationFilterChain.java:227) ~[tomcat-embed-core-9.0.56.jar:9.0.56]
	at org.apache.catalina.core.ApplicationFilterChain.doFilter(ApplicationFilterChain.java:162) ~[tomcat-embed-core-9.0.56.jar:9.0.56]
	at org.apache.tomcat.websocket.server.WsFilter.doFilter(WsFilter.java:53) ~[tomcat-embed-websocket-9.0.56.jar:9.0.56]
	at org.apache.catalina.core.ApplicationFilterChain.internalDoFilter(ApplicationFilterChain.java:189) ~[tomcat-embed-core-9.0.56.jar:9.0.56]
	at org.apache.catalina.core.ApplicationFilterChain.doFilter(ApplicationFilterChain.java:162) ~[tomcat-embed-core-9.0.56.jar:9.0.56]
	at org.springframework.web.filter.RequestContextFilter.doFilterInternal(RequestContextFilter.java:100) ~[spring-web-5.3.15.jar:5.3.15]
	at org.springframework.web.filter.OncePerRequestFilter.doFilter(OncePerRequestFilter.java:117) ~[spring-web-5.3.15.jar:5.3.15]
	at org.apache.catalina.core.ApplicationFilterChain.internalDoFilter(ApplicationFilterChain.java:189) ~[tomcat-embed-core-9.0.56.jar:9.0.56]
	at org.apache.catalina.core.ApplicationFilterChain.doFilter(ApplicationFilterChain.java:162) ~[tomcat-embed-core-9.0.56.jar:9.0.56]
	at org.springframework.web.filter.FormContentFilter.doFilterInternal(FormContentFilter.java:93) ~[spring-web-5.3.15.jar:5.3.15]
	at org.springframework.web.filter.OncePerRequestFilter.doFilter(OncePerRequestFilter.java:117) ~[spring-web-5.3.15.jar:5.3.15]
	at org.apache.catalina.core.ApplicationFilterChain.internalDoFilter(ApplicationFilterChain.java:189) ~[tomcat-embed-core-9.0.56.jar:9.0.56]
	at org.apache.catalina.core.ApplicationFilterChain.doFilter(ApplicationFilterChain.java:162) ~[tomcat-embed-core-9.0.56.jar:9.0.56]
	at org.springframework.web.filter.CharacterEncodingFilter.doFilterInternal(CharacterEncodingFilter.java:201) ~[spring-web-5.3.15.jar:5.3.15]
	at org.springframework.web.filter.OncePerRequestFilter.doFilter(OncePerRequestFilter.java:117) ~[spring-web-5.3.15.jar:5.3.15]
	at org.apache.catalina.core.ApplicationFilterChain.internalDoFilter(ApplicationFilterChain.java:189) ~[tomcat-embed-core-9.0.56.jar:9.0.56]
	at org.apache.catalina.core.ApplicationFilterChain.doFilter(ApplicationFilterChain.java:162) ~[tomcat-embed-core-9.0.56.jar:9.0.56]
	at org.apache.catalina.core.StandardWrapperValve.invoke(StandardWrapperValve.java:197) [tomcat-embed-core-9.0.56.jar:9.0.56]
	at org.apache.catalina.core.StandardContextValve.invoke(StandardContextValve.java:97) [tomcat-embed-core-9.0.56.jar:9.0.56]
	at org.apache.catalina.authenticator.AuthenticatorBase.invoke(AuthenticatorBase.java:540) [tomcat-embed-core-9.0.56.jar:9.0.56]
	at org.apache.catalina.core.StandardHostValve.invoke(StandardHostValve.java:135) [tomcat-embed-core-9.0.56.jar:9.0.56]
	at org.apache.catalina.valves.ErrorReportValve.invoke(ErrorReportValve.java:92) [tomcat-embed-core-9.0.56.jar:9.0.56]
	at org.apache.catalina.core.StandardEngineValve.invoke(StandardEngineValve.java:78) [tomcat-embed-core-9.0.56.jar:9.0.56]
	at org.apache.catalina.connector.CoyoteAdapter.service(CoyoteAdapter.java:357) [tomcat-embed-core-9.0.56.jar:9.0.56]
	at org.apache.coyote.http11.Http11Processor.service(Http11Processor.java:382) [tomcat-embed-core-9.0.56.jar:9.0.56]
	at org.apache.coyote.AbstractProcessorLight.process(AbstractProcessorLight.java:65) [tomcat-embed-core-9.0.56.jar:9.0.56]
	at org.apache.coyote.AbstractProtocol$ConnectionHandler.process(AbstractProtocol.java:895) [tomcat-embed-core-9.0.56.jar:9.0.56]
	at org.apache.tomcat.util.net.NioEndpoint$SocketProcessor.doRun(NioEndpoint.java:1732) [tomcat-embed-core-9.0.56.jar:9.0.56]
	at org.apache.tomcat.util.net.SocketProcessorBase.run(SocketProcessorBase.java:49) [tomcat-embed-core-9.0.56.jar:9.0.56]
	at org.apache.tomcat.util.threads.ThreadPoolExecutor.runWorker(ThreadPoolExecutor.java:1191) [tomcat-embed-core-9.0.56.jar:9.0.56]
	at org.apache.tomcat.util.threads.ThreadPoolExecutor$Worker.run(ThreadPoolExecutor.java:659) [tomcat-embed-core-9.0.56.jar:9.0.56]
	at org.apache.tomcat.util.threads.TaskThread$WrappingRunnable.run(TaskThread.java:61) [tomcat-embed-core-9.0.56.jar:9.0.56]
	at java.lang.Thread.run(Thread.java:835) [?:?]
2022-56-23 16:56:00.512 [http-nio-8081-exec-3] ERROR freemarker.runtime(_JULLoggerFactory.java:60) - Error executing FreeMarker template
freemarker.core.InvalidReferenceException: The following has evaluated to null or missing:
==> user  [in template "page/home.ftl" at line 10, column 42]

----
Tip: If the failing expression is known to legally refer to something that's sometimes null or missing, either specify a default value like myOptionalVar!myDefault, or use <#if myOptionalVar??>when-present<#else>when-missing</#if>. (These only cover the last step of the expression; to cover the whole expression, use parenthesis: (myOptionalVar.foo)!myDefault, (myOptionalVar.foo)??
----

----
FTL stack trace ("~" means nesting-related):
	- Failed at: ${followPath + "/follow/" + user.id}  [in template "page/home.ftl" at line 10, column 18]
----
	at freemarker.core.InvalidReferenceException.getInstance(InvalidReferenceException.java:134) ~[freemarker-2.3.31.jar:2.3.31]
	at freemarker.core.UnexpectedTypeException.newDescriptionBuilder(UnexpectedTypeException.java:85) ~[freemarker-2.3.31.jar:2.3.31]
	at freemarker.core.UnexpectedTypeException.<init>(UnexpectedTypeException.java:48) ~[freemarker-2.3.31.jar:2.3.31]
	at freemarker.core.NonHashException.<init>(NonHashException.java:49) ~[freemarker-2.3.31.jar:2.3.31]
	at freemarker.core.Dot._eval(Dot.java:48) ~[freemarker-2.3.31.jar:2.3.31]
	at freemarker.core.Expression.eval(Expression.java:101) ~[freemarker-2.3.31.jar:2.3.31]
	at freemarker.core.AddConcatExpression._eval(AddConcatExpression.java:57) ~[freemarker-2.3.31.jar:2.3.31]
	at freemarker.core.Expression.eval(Expression.java:101) ~[freemarker-2.3.31.jar:2.3.31]
	at freemarker.core.DollarVariable.calculateInterpolatedStringOrMarkup(DollarVariable.java:100) ~[freemarker-2.3.31.jar:2.3.31]
	at freemarker.core.DollarVariable.accept(DollarVariable.java:63) ~[freemarker-2.3.31.jar:2.3.31]
	at freemarker.core.Environment.visit(Environment.java:347) [freemarker-2.3.31.jar:2.3.31]
	at freemarker.core.Environment.visit(Environment.java:353) [freemarker-2.3.31.jar:2.3.31]
	at freemarker.core.Environment.process(Environment.java:326) [freemarker-2.3.31.jar:2.3.31]
	at freemarker.template.Template.process(Template.java:383) [freemarker-2.3.31.jar:2.3.31]
	at org.springframework.web.servlet.view.freemarker.FreeMarkerView.processTemplate(FreeMarkerView.java:391) [spring-webmvc-5.3.15.jar:5.3.15]
	at org.springframework.web.servlet.view.freemarker.FreeMarkerView.doRender(FreeMarkerView.java:304) [spring-webmvc-5.3.15.jar:5.3.15]
	at org.springframework.web.servlet.view.freemarker.FreeMarkerView.renderMergedTemplateModel(FreeMarkerView.java:255) [spring-webmvc-5.3.15.jar:5.3.15]
	at org.springframework.web.servlet.view.AbstractTemplateView.renderMergedOutputModel(AbstractTemplateView.java:179) [spring-webmvc-5.3.15.jar:5.3.15]
	at org.springframework.web.servlet.view.AbstractView.render(AbstractView.java:316) [spring-webmvc-5.3.15.jar:5.3.15]
	at org.springframework.web.servlet.DispatcherServlet.render(DispatcherServlet.java:1401) [spring-webmvc-5.3.15.jar:5.3.15]
	at org.springframework.web.servlet.DispatcherServlet.processDispatchResult(DispatcherServlet.java:1145) [spring-webmvc-5.3.15.jar:5.3.15]
	at org.springframework.web.servlet.DispatcherServlet.doDispatch(DispatcherServlet.java:1084) [spring-webmvc-5.3.15.jar:5.3.15]
	at org.springframework.web.servlet.DispatcherServlet.doService(DispatcherServlet.java:963) [spring-webmvc-5.3.15.jar:5.3.15]
	at org.springframework.web.servlet.FrameworkServlet.processRequest(FrameworkServlet.java:1006) [spring-webmvc-5.3.15.jar:5.3.15]
	at org.springframework.web.servlet.FrameworkServlet.doPost(FrameworkServlet.java:909) [spring-webmvc-5.3.15.jar:5.3.15]
	at javax.servlet.http.HttpServlet.service(HttpServlet.java:681) [tomcat-embed-core-9.0.56.jar:4.0.FR]
	at org.springframework.web.servlet.FrameworkServlet.service(FrameworkServlet.java:883) [spring-webmvc-5.3.15.jar:5.3.15]
	at javax.servlet.http.HttpServlet.service(HttpServlet.java:764) [tomcat-embed-core-9.0.56.jar:4.0.FR]
	at org.apache.catalina.core.ApplicationFilterChain.internalDoFilter(ApplicationFilterChain.java:227) [tomcat-embed-core-9.0.56.jar:9.0.56]
	at org.apache.catalina.core.ApplicationFilterChain.doFilter(ApplicationFilterChain.java:162) [tomcat-embed-core-9.0.56.jar:9.0.56]
	at org.apache.tomcat.websocket.server.WsFilter.doFilter(WsFilter.java:53) [tomcat-embed-websocket-9.0.56.jar:9.0.56]
	at org.apache.catalina.core.ApplicationFilterChain.internalDoFilter(ApplicationFilterChain.java:189) [tomcat-embed-core-9.0.56.jar:9.0.56]
	at org.apache.catalina.core.ApplicationFilterChain.doFilter(ApplicationFilterChain.java:162) [tomcat-embed-core-9.0.56.jar:9.0.56]
	at org.springframework.web.filter.RequestContextFilter.doFilterInternal(RequestContextFilter.java:100) [spring-web-5.3.15.jar:5.3.15]
	at org.springframework.web.filter.OncePerRequestFilter.doFilter(OncePerRequestFilter.java:117) [spring-web-5.3.15.jar:5.3.15]
	at org.apache.catalina.core.ApplicationFilterChain.internalDoFilter(ApplicationFilterChain.java:189) [tomcat-embed-core-9.0.56.jar:9.0.56]
	at org.apache.catalina.core.ApplicationFilterChain.doFilter(ApplicationFilterChain.java:162) [tomcat-embed-core-9.0.56.jar:9.0.56]
	at org.springframework.web.filter.FormContentFilter.doFilterInternal(FormContentFilter.java:93) [spring-web-5.3.15.jar:5.3.15]
	at org.springframework.web.filter.OncePerRequestFilter.doFilter(OncePerRequestFilter.java:117) [spring-web-5.3.15.jar:5.3.15]
	at org.apache.catalina.core.ApplicationFilterChain.internalDoFilter(ApplicationFilterChain.java:189) [tomcat-embed-core-9.0.56.jar:9.0.56]
	at org.apache.catalina.core.ApplicationFilterChain.doFilter(ApplicationFilterChain.java:162) [tomcat-embed-core-9.0.56.jar:9.0.56]
	at org.springframework.web.filter.CharacterEncodingFilter.doFilterInternal(CharacterEncodingFilter.java:201) [spring-web-5.3.15.jar:5.3.15]
	at org.springframework.web.filter.OncePerRequestFilter.doFilter(OncePerRequestFilter.java:117) [spring-web-5.3.15.jar:5.3.15]
	at org.apache.catalina.core.ApplicationFilterChain.internalDoFilter(ApplicationFilterChain.java:189) [tomcat-embed-core-9.0.56.jar:9.0.56]
	at org.apache.catalina.core.ApplicationFilterChain.doFilter(ApplicationFilterChain.java:162) [tomcat-embed-core-9.0.56.jar:9.0.56]
	at org.apache.catalina.core.StandardWrapperValve.invoke(StandardWrapperValve.java:197) [tomcat-embed-core-9.0.56.jar:9.0.56]
	at org.apache.catalina.core.StandardContextValve.invoke(StandardContextValve.java:97) [tomcat-embed-core-9.0.56.jar:9.0.56]
	at org.apache.catalina.authenticator.AuthenticatorBase.invoke(AuthenticatorBase.java:540) [tomcat-embed-core-9.0.56.jar:9.0.56]
	at org.apache.catalina.core.StandardHostValve.invoke(StandardHostValve.java:135) [tomcat-embed-core-9.0.56.jar:9.0.56]
	at org.apache.catalina.valves.ErrorReportValve.invoke(ErrorReportValve.java:92) [tomcat-embed-core-9.0.56.jar:9.0.56]
	at org.apache.catalina.core.StandardEngineValve.invoke(StandardEngineValve.java:78) [tomcat-embed-core-9.0.56.jar:9.0.56]
	at org.apache.catalina.connector.CoyoteAdapter.service(CoyoteAdapter.java:357) [tomcat-embed-core-9.0.56.jar:9.0.56]
	at org.apache.coyote.http11.Http11Processor.service(Http11Processor.java:382) [tomcat-embed-core-9.0.56.jar:9.0.56]
	at org.apache.coyote.AbstractProcessorLight.process(AbstractProcessorLight.java:65) [tomcat-embed-core-9.0.56.jar:9.0.56]
	at org.apache.coyote.AbstractProtocol$ConnectionHandler.process(AbstractProtocol.java:895) [tomcat-embed-core-9.0.56.jar:9.0.56]
	at org.apache.tomcat.util.net.NioEndpoint$SocketProcessor.doRun(NioEndpoint.java:1732) [tomcat-embed-core-9.0.56.jar:9.0.56]
	at org.apache.tomcat.util.net.SocketProcessorBase.run(SocketProcessorBase.java:49) [tomcat-embed-core-9.0.56.jar:9.0.56]
	at org.apache.tomcat.util.threads.ThreadPoolExecutor.runWorker(ThreadPoolExecutor.java:1191) [tomcat-embed-core-9.0.56.jar:9.0.56]
	at org.apache.tomcat.util.threads.ThreadPoolExecutor$Worker.run(ThreadPoolExecutor.java:659) [tomcat-embed-core-9.0.56.jar:9.0.56]
	at org.apache.tomcat.util.threads.TaskThread$WrappingRunnable.run(TaskThread.java:61) [tomcat-embed-core-9.0.56.jar:9.0.56]
	at java.lang.Thread.run(Thread.java:835) [?:?]
2022-56-23 16:56:00.516 [http-nio-8081-exec-3] ERROR org.apache.catalina.core.ContainerBase.[Tomcat].[localhost].[/platform].[dispatcherServlet](DirectJDKLog.java:175) - Servlet.service() for servlet [dispatcherServlet] in context with path [/platform] threw exception [Request processing failed; nested exception is freemarker.core.InvalidReferenceException: The following has evaluated to null or missing:
==> user  [in template "page/home.ftl" at line 10, column 42]

----
Tip: If the failing expression is known to legally refer to something that's sometimes null or missing, either specify a default value like myOptionalVar!myDefault, or use <#if myOptionalVar??>when-present<#else>when-missing</#if>. (These only cover the last step of the expression; to cover the whole expression, use parenthesis: (myOptionalVar.foo)!myDefault, (myOptionalVar.foo)??
----

----
FTL stack trace ("~" means nesting-related):
	- Failed at: ${followPath + "/follow/" + user.id}  [in template "page/home.ftl" at line 10, column 18]
----] with root cause
freemarker.core.InvalidReferenceException: The following has evaluated to null or missing:
==> user  [in template "page/home.ftl" at line 10, column 42]

----
Tip: If the failing expression is known to legally refer to something that's sometimes null or missing, either specify a default value like myOptionalVar!myDefault, or use <#if myOptionalVar??>when-present<#else>when-missing</#if>. (These only cover the last step of the expression; to cover the whole expression, use parenthesis: (myOptionalVar.foo)!myDefault, (myOptionalVar.foo)??
----

----
FTL stack trace ("~" means nesting-related):
	- Failed at: ${followPath + "/follow/" + user.id}  [in template "page/home.ftl" at line 10, column 18]
----
	at freemarker.core.InvalidReferenceException.getInstance(InvalidReferenceException.java:134) ~[freemarker-2.3.31.jar:2.3.31]
	at freemarker.core.UnexpectedTypeException.newDescriptionBuilder(UnexpectedTypeException.java:85) ~[freemarker-2.3.31.jar:2.3.31]
	at freemarker.core.UnexpectedTypeException.<init>(UnexpectedTypeException.java:48) ~[freemarker-2.3.31.jar:2.3.31]
	at freemarker.core.NonHashException.<init>(NonHashException.java:49) ~[freemarker-2.3.31.jar:2.3.31]
	at freemarker.core.Dot._eval(Dot.java:48) ~[freemarker-2.3.31.jar:2.3.31]
	at freemarker.core.Expression.eval(Expression.java:101) ~[freemarker-2.3.31.jar:2.3.31]
	at freemarker.core.AddConcatExpression._eval(AddConcatExpression.java:57) ~[freemarker-2.3.31.jar:2.3.31]
	at freemarker.core.Expression.eval(Expression.java:101) ~[freemarker-2.3.31.jar:2.3.31]
	at freemarker.core.DollarVariable.calculateInterpolatedStringOrMarkup(DollarVariable.java:100) ~[freemarker-2.3.31.jar:2.3.31]
	at freemarker.core.DollarVariable.accept(DollarVariable.java:63) ~[freemarker-2.3.31.jar:2.3.31]
	at freemarker.core.Environment.visit(Environment.java:347) ~[freemarker-2.3.31.jar:2.3.31]
	at freemarker.core.Environment.visit(Environment.java:353) ~[freemarker-2.3.31.jar:2.3.31]
	at freemarker.core.Environment.process(Environment.java:326) ~[freemarker-2.3.31.jar:2.3.31]
	at freemarker.template.Template.process(Template.java:383) ~[freemarker-2.3.31.jar:2.3.31]
	at org.springframework.web.servlet.view.freemarker.FreeMarkerView.processTemplate(FreeMarkerView.java:391) ~[spring-webmvc-5.3.15.jar:5.3.15]
	at org.springframework.web.servlet.view.freemarker.FreeMarkerView.doRender(FreeMarkerView.java:304) ~[spring-webmvc-5.3.15.jar:5.3.15]
	at org.springframework.web.servlet.view.freemarker.FreeMarkerView.renderMergedTemplateModel(FreeMarkerView.java:255) ~[spring-webmvc-5.3.15.jar:5.3.15]
	at org.springframework.web.servlet.view.AbstractTemplateView.renderMergedOutputModel(AbstractTemplateView.java:179) ~[spring-webmvc-5.3.15.jar:5.3.15]
	at org.springframework.web.servlet.view.AbstractView.render(AbstractView.java:316) ~[spring-webmvc-5.3.15.jar:5.3.15]
	at org.springframework.web.servlet.DispatcherServlet.render(DispatcherServlet.java:1401) ~[spring-webmvc-5.3.15.jar:5.3.15]
	at org.springframework.web.servlet.DispatcherServlet.processDispatchResult(DispatcherServlet.java:1145) ~[spring-webmvc-5.3.15.jar:5.3.15]
	at org.springframework.web.servlet.DispatcherServlet.doDispatch(DispatcherServlet.java:1084) ~[spring-webmvc-5.3.15.jar:5.3.15]
	at org.springframework.web.servlet.DispatcherServlet.doService(DispatcherServlet.java:963) ~[spring-webmvc-5.3.15.jar:5.3.15]
	at org.springframework.web.servlet.FrameworkServlet.processRequest(FrameworkServlet.java:1006) ~[spring-webmvc-5.3.15.jar:5.3.15]
	at org.springframework.web.servlet.FrameworkServlet.doPost(FrameworkServlet.java:909) ~[spring-webmvc-5.3.15.jar:5.3.15]
	at javax.servlet.http.HttpServlet.service(HttpServlet.java:681) ~[tomcat-embed-core-9.0.56.jar:4.0.FR]
	at org.springframework.web.servlet.FrameworkServlet.service(FrameworkServlet.java:883) ~[spring-webmvc-5.3.15.jar:5.3.15]
	at javax.servlet.http.HttpServlet.service(HttpServlet.java:764) ~[tomcat-embed-core-9.0.56.jar:4.0.FR]
	at org.apache.catalina.core.ApplicationFilterChain.internalDoFilter(ApplicationFilterChain.java:227) ~[tomcat-embed-core-9.0.56.jar:9.0.56]
	at org.apache.catalina.core.ApplicationFilterChain.doFilter(ApplicationFilterChain.java:162) ~[tomcat-embed-core-9.0.56.jar:9.0.56]
	at org.apache.tomcat.websocket.server.WsFilter.doFilter(WsFilter.java:53) ~[tomcat-embed-websocket-9.0.56.jar:9.0.56]
	at org.apache.catalina.core.ApplicationFilterChain.internalDoFilter(ApplicationFilterChain.java:189) ~[tomcat-embed-core-9.0.56.jar:9.0.56]
	at org.apache.catalina.core.ApplicationFilterChain.doFilter(ApplicationFilterChain.java:162) ~[tomcat-embed-core-9.0.56.jar:9.0.56]
	at org.springframework.web.filter.RequestContextFilter.doFilterInternal(RequestContextFilter.java:100) ~[spring-web-5.3.15.jar:5.3.15]
	at org.springframework.web.filter.OncePerRequestFilter.doFilter(OncePerRequestFilter.java:117) ~[spring-web-5.3.15.jar:5.3.15]
	at org.apache.catalina.core.ApplicationFilterChain.internalDoFilter(ApplicationFilterChain.java:189) ~[tomcat-embed-core-9.0.56.jar:9.0.56]
	at org.apache.catalina.core.ApplicationFilterChain.doFilter(ApplicationFilterChain.java:162) ~[tomcat-embed-core-9.0.56.jar:9.0.56]
	at org.springframework.web.filter.FormContentFilter.doFilterInternal(FormContentFilter.java:93) ~[spring-web-5.3.15.jar:5.3.15]
	at org.springframework.web.filter.OncePerRequestFilter.doFilter(OncePerRequestFilter.java:117) ~[spring-web-5.3.15.jar:5.3.15]
	at org.apache.catalina.core.ApplicationFilterChain.internalDoFilter(ApplicationFilterChain.java:189) ~[tomcat-embed-core-9.0.56.jar:9.0.56]
	at org.apache.catalina.core.ApplicationFilterChain.doFilter(ApplicationFilterChain.java:162) ~[tomcat-embed-core-9.0.56.jar:9.0.56]
	at org.springframework.web.filter.CharacterEncodingFilter.doFilterInternal(CharacterEncodingFilter.java:201) ~[spring-web-5.3.15.jar:5.3.15]
	at org.springframework.web.filter.OncePerRequestFilter.doFilter(OncePerRequestFilter.java:117) ~[spring-web-5.3.15.jar:5.3.15]
	at org.apache.catalina.core.ApplicationFilterChain.internalDoFilter(ApplicationFilterChain.java:189) ~[tomcat-embed-core-9.0.56.jar:9.0.56]
	at org.apache.catalina.core.ApplicationFilterChain.doFilter(ApplicationFilterChain.java:162) ~[tomcat-embed-core-9.0.56.jar:9.0.56]
	at org.apache.catalina.core.StandardWrapperValve.invoke(StandardWrapperValve.java:197) [tomcat-embed-core-9.0.56.jar:9.0.56]
	at org.apache.catalina.core.StandardContextValve.invoke(StandardContextValve.java:97) [tomcat-embed-core-9.0.56.jar:9.0.56]
	at org.apache.catalina.authenticator.AuthenticatorBase.invoke(AuthenticatorBase.java:540) [tomcat-embed-core-9.0.56.jar:9.0.56]
	at org.apache.catalina.core.StandardHostValve.invoke(StandardHostValve.java:135) [tomcat-embed-core-9.0.56.jar:9.0.56]
	at org.apache.catalina.valves.ErrorReportValve.invoke(ErrorReportValve.java:92) [tomcat-embed-core-9.0.56.jar:9.0.56]
	at org.apache.catalina.core.StandardEngineValve.invoke(StandardEngineValve.java:78) [tomcat-embed-core-9.0.56.jar:9.0.56]
	at org.apache.catalina.connector.CoyoteAdapter.service(CoyoteAdapter.java:357) [tomcat-embed-core-9.0.56.jar:9.0.56]
	at org.apache.coyote.http11.Http11Processor.service(Http11Processor.java:382) [tomcat-embed-core-9.0.56.jar:9.0.56]
	at org.apache.coyote.AbstractProcessorLight.process(AbstractProcessorLight.java:65) [tomcat-embed-core-9.0.56.jar:9.0.56]
	at org.apache.coyote.AbstractProtocol$ConnectionHandler.process(AbstractProtocol.java:895) [tomcat-embed-core-9.0.56.jar:9.0.56]
	at org.apache.tomcat.util.net.NioEndpoint$SocketProcessor.doRun(NioEndpoint.java:1732) [tomcat-embed-core-9.0.56.jar:9.0.56]
	at org.apache.tomcat.util.net.SocketProcessorBase.run(SocketProcessorBase.java:49) [tomcat-embed-core-9.0.56.jar:9.0.56]
	at org.apache.tomcat.util.threads.ThreadPoolExecutor.runWorker(ThreadPoolExecutor.java:1191) [tomcat-embed-core-9.0.56.jar:9.0.56]
	at org.apache.tomcat.util.threads.ThreadPoolExecutor$Worker.run(ThreadPoolExecutor.java:659) [tomcat-embed-core-9.0.56.jar:9.0.56]
	at org.apache.tomcat.util.threads.TaskThread$WrappingRunnable.run(TaskThread.java:61) [tomcat-embed-core-9.0.56.jar:9.0.56]
	at java.lang.Thread.run(Thread.java:835) [?:?]
2022-56-23 16:56:13.998 [http-nio-8081-exec-4] WARN  org.apache.catalina.util.SessionIdGeneratorBase(DirectJDKLog.java:173) - Creation of SecureRandom instance for session ID generation using [SHA1PRNG] took [180] milliseconds.
2022-56-23 16:56:15.213 [http-nio-8081-exec-6] INFO  com.alibaba.druid.pool.DruidDataSource(DruidDataSource.java:923) - {dataSource-1} inited
2022-56-23 16:56:15.348 [http-nio-8081-exec-6] INFO  com.hdz.socialplatform.controller.UserController(UserController.java:52) - User{id=1, name='xiao', avatar='xiao.png', profile='降魔大圣', fansNum=3, followsNum=4, events=null}
2022-57-23 16:57:31.437 [main] INFO  com.hdz.socialplatform.SocialPlatformApplication(StartupInfoLogger.java:55) - Starting SocialPlatformApplication using Java 12.0.2 on Hdz with PID 36140 (E:\Project\IdeaProjects\socialplatform\target\classes started by Administrator in E:\Project\IdeaProjects\socialplatform)
2022-57-23 16:57:31.444 [main] INFO  com.hdz.socialplatform.SocialPlatformApplication(SpringApplication.java:637) - No active profile set, falling back to default profiles: default
2022-57-23 16:57:32.676 [main] INFO  org.apache.coyote.http11.Http11NioProtocol(DirectJDKLog.java:173) - Initializing ProtocolHandler ["http-nio-8081"]
2022-57-23 16:57:32.677 [main] INFO  org.apache.catalina.core.StandardService(DirectJDKLog.java:173) - Starting service [Tomcat]
2022-57-23 16:57:32.677 [main] INFO  org.apache.catalina.core.StandardEngine(DirectJDKLog.java:173) - Starting Servlet engine: [Apache Tomcat/9.0.56]
2022-57-23 16:57:32.754 [main] INFO  org.apache.catalina.core.ContainerBase.[Tomcat].[localhost].[/platform](DirectJDKLog.java:173) - Initializing Spring embedded WebApplicationContext
2022-57-23 16:57:33.634 [main] INFO  org.apache.coyote.http11.Http11NioProtocol(DirectJDKLog.java:173) - Starting ProtocolHandler ["http-nio-8081"]
2022-57-23 16:57:33.671 [main] INFO  com.hdz.socialplatform.SocialPlatformApplication(StartupInfoLogger.java:61) - Started SocialPlatformApplication in 2.737 seconds (JVM running for 3.949)
2022-57-23 16:57:37.047 [http-nio-8081-exec-1] INFO  org.apache.catalina.core.ContainerBase.[Tomcat].[localhost].[/platform](DirectJDKLog.java:173) - Initializing Spring DispatcherServlet 'dispatcherServlet'
2022-58-23 16:58:23.955 [main] INFO  com.hdz.socialplatform.SocialPlatformApplication(StartupInfoLogger.java:55) - Starting SocialPlatformApplication using Java 12.0.2 on Hdz with PID 21076 (E:\Project\IdeaProjects\socialplatform\target\classes started by Administrator in E:\Project\IdeaProjects\socialplatform)
2022-58-23 16:58:23.966 [main] INFO  com.hdz.socialplatform.SocialPlatformApplication(SpringApplication.java:637) - No active profile set, falling back to default profiles: default
2022-58-23 16:58:25.028 [main] INFO  org.apache.coyote.http11.Http11NioProtocol(DirectJDKLog.java:173) - Initializing ProtocolHandler ["http-nio-8081"]
2022-58-23 16:58:25.029 [main] INFO  org.apache.catalina.core.StandardService(DirectJDKLog.java:173) - Starting service [Tomcat]
2022-58-23 16:58:25.030 [main] INFO  org.apache.catalina.core.StandardEngine(DirectJDKLog.java:173) - Starting Servlet engine: [Apache Tomcat/9.0.56]
2022-58-23 16:58:25.097 [main] INFO  org.apache.catalina.core.ContainerBase.[Tomcat].[localhost].[/platform](DirectJDKLog.java:173) - Initializing Spring embedded WebApplicationContext
2022-58-23 16:58:25.960 [main] INFO  org.apache.coyote.http11.Http11NioProtocol(DirectJDKLog.java:173) - Starting ProtocolHandler ["http-nio-8081"]
2022-58-23 16:58:25.985 [main] INFO  com.hdz.socialplatform.SocialPlatformApplication(StartupInfoLogger.java:61) - Started SocialPlatformApplication in 2.595 seconds (JVM running for 3.653)
2022-58-23 16:58:26.081 [http-nio-8081-exec-1] INFO  org.apache.catalina.core.ContainerBase.[Tomcat].[localhost].[/platform](DirectJDKLog.java:173) - Initializing Spring DispatcherServlet 'dispatcherServlet'
2022-58-23 16:58:26.155 [http-nio-8081-exec-1] INFO  com.alibaba.druid.pool.DruidDataSource(DruidDataSource.java:923) - {dataSource-1} inited
2022-58-23 16:58:26.318 [http-nio-8081-exec-1] INFO  com.hdz.socialplatform.controller.UserController(UserController.java:52) - User{id=1, name='xiao', avatar='xiao.png', profile='降魔大圣', fansNum=3, followsNum=4, events=null}
2022-58-23 16:58:26.555 [http-nio-8081-exec-1] WARN  org.apache.catalina.util.SessionIdGeneratorBase(DirectJDKLog.java:173) - Creation of SecureRandom instance for session ID generation using [SHA1PRNG] took [227] milliseconds.
2022-59-23 16:59:02.237 [SpringApplicationShutdownHook] INFO  com.alibaba.druid.pool.DruidDataSource(DruidDataSource.java:1818) - {dataSource-1} closed
2022-08-23 17:08:40.728 [main] INFO  com.hdz.socialplatform.SocialPlatformApplication(StartupInfoLogger.java:55) - Starting SocialPlatformApplication using Java 12.0.2 on Hdz with PID 39764 (E:\Project\IdeaProjects\socialplatform\target\classes started by Administrator in E:\Project\IdeaProjects\socialplatform)
2022-08-23 17:08:40.739 [main] INFO  com.hdz.socialplatform.SocialPlatformApplication(SpringApplication.java:637) - No active profile set, falling back to default profiles: default
2022-08-23 17:08:41.825 [main] INFO  org.apache.coyote.http11.Http11NioProtocol(DirectJDKLog.java:173) - Initializing ProtocolHandler ["http-nio-8081"]
2022-08-23 17:08:41.826 [main] INFO  org.apache.catalina.core.StandardService(DirectJDKLog.java:173) - Starting service [Tomcat]
2022-08-23 17:08:41.826 [main] INFO  org.apache.catalina.core.StandardEngine(DirectJDKLog.java:173) - Starting Servlet engine: [Apache Tomcat/9.0.56]
2022-08-23 17:08:41.898 [main] INFO  org.apache.catalina.core.ContainerBase.[Tomcat].[localhost].[/platform](DirectJDKLog.java:173) - Initializing Spring embedded WebApplicationContext
2022-08-23 17:08:42.712 [main] INFO  org.apache.coyote.http11.Http11NioProtocol(DirectJDKLog.java:173) - Starting ProtocolHandler ["http-nio-8081"]
2022-08-23 17:08:42.739 [main] INFO  com.hdz.socialplatform.SocialPlatformApplication(StartupInfoLogger.java:61) - Started SocialPlatformApplication in 2.495 seconds (JVM running for 3.419)
2022-08-23 17:08:42.806 [http-nio-8081-exec-1] INFO  org.apache.catalina.core.ContainerBase.[Tomcat].[localhost].[/platform](DirectJDKLog.java:173) - Initializing Spring DispatcherServlet 'dispatcherServlet'
2022-09-23 17:09:35.209 [http-nio-8081-exec-4] WARN  org.apache.catalina.util.SessionIdGeneratorBase(DirectJDKLog.java:173) - Creation of SecureRandom instance for session ID generation using [SHA1PRNG] took [169] milliseconds.
2022-10-23 17:10:07.020 [http-nio-8081-exec-3] INFO  com.alibaba.druid.pool.DruidDataSource(DruidDataSource.java:923) - {dataSource-1} inited
2022-10-23 17:10:07.149 [http-nio-8081-exec-3] INFO  com.hdz.socialplatform.controller.UserController(UserController.java:52) - User{id=1, name='xiao', avatar='xiao.png', profile='降魔大圣', fansNum=3, followsNum=4, events=null}
2022-10-23 17:10:20.891 [http-nio-8081-exec-6] ERROR com.hdz.socialplatform.controller.PostController(PostController.java:61) - java.io.FileNotFoundException: E:\Project\IdeaProjects\socialplatform\pictures (拒绝访问。)
2022-13-23 17:13:40.279 [main] INFO  com.hdz.socialplatform.SocialPlatformApplication(StartupInfoLogger.java:55) - Starting SocialPlatformApplication using Java 12.0.2 on Hdz with PID 32380 (E:\Project\IdeaProjects\socialplatform\target\classes started by Administrator in E:\Project\IdeaProjects\socialplatform)
2022-13-23 17:13:40.292 [main] INFO  com.hdz.socialplatform.SocialPlatformApplication(SpringApplication.java:637) - No active profile set, falling back to default profiles: default
2022-13-23 17:13:41.298 [main] INFO  org.apache.coyote.http11.Http11NioProtocol(DirectJDKLog.java:173) - Initializing ProtocolHandler ["http-nio-8081"]
2022-13-23 17:13:41.299 [main] INFO  org.apache.catalina.core.StandardService(DirectJDKLog.java:173) - Starting service [Tomcat]
2022-13-23 17:13:41.300 [main] INFO  org.apache.catalina.core.StandardEngine(DirectJDKLog.java:173) - Starting Servlet engine: [Apache Tomcat/9.0.56]
2022-13-23 17:13:41.364 [main] INFO  org.apache.catalina.core.ContainerBase.[Tomcat].[localhost].[/platform](DirectJDKLog.java:173) - Initializing Spring embedded WebApplicationContext
2022-13-23 17:13:42.114 [main] INFO  org.apache.coyote.http11.Http11NioProtocol(DirectJDKLog.java:173) - Starting ProtocolHandler ["http-nio-8081"]
2022-13-23 17:13:42.139 [main] INFO  com.hdz.socialplatform.SocialPlatformApplication(StartupInfoLogger.java:61) - Started SocialPlatformApplication in 2.3 seconds (JVM running for 3.088)
2022-13-23 17:13:45.726 [http-nio-8081-exec-1] INFO  org.apache.catalina.core.ContainerBase.[Tomcat].[localhost].[/platform](DirectJDKLog.java:173) - Initializing Spring DispatcherServlet 'dispatcherServlet'
2022-13-23 17:13:45.920 [http-nio-8081-exec-1] WARN  org.apache.catalina.util.SessionIdGeneratorBase(DirectJDKLog.java:173) - Creation of SecureRandom instance for session ID generation using [SHA1PRNG] took [171] milliseconds.
2022-13-23 17:13:47.580 [http-nio-8081-exec-3] INFO  com.alibaba.druid.pool.DruidDataSource(DruidDataSource.java:923) - {dataSource-1} inited
2022-13-23 17:13:47.707 [http-nio-8081-exec-3] INFO  com.hdz.socialplatform.controller.UserController(UserController.java:52) - User{id=1, name='xiao', avatar='xiao.png', profile='降魔大圣', fansNum=3, followsNum=4, events=null}
2022-14-23 17:14:00.809 [http-nio-8081-exec-6] ERROR com.hdz.socialplatform.controller.PostController(PostController.java:61) - java.io.FileNotFoundException: E:\Project\IdeaProjects\socialplatform\pictures (拒绝访问。)
2022-59-23 18:59:28.204 [main] INFO  com.hdz.socialplatform.SocialPlatformApplication(StartupInfoLogger.java:55) - Starting SocialPlatformApplication using Java 12.0.2 on Hdz with PID 20712 (E:\Project\IdeaProjects\socialplatform\target\classes started by Administrator in E:\Project\IdeaProjects\socialplatform)
2022-59-23 18:59:28.214 [main] INFO  com.hdz.socialplatform.SocialPlatformApplication(SpringApplication.java:637) - No active profile set, falling back to default profiles: default
2022-59-23 18:59:29.333 [main] INFO  org.apache.coyote.http11.Http11NioProtocol(DirectJDKLog.java:173) - Initializing ProtocolHandler ["http-nio-8081"]
2022-59-23 18:59:29.334 [main] INFO  org.apache.catalina.core.StandardService(DirectJDKLog.java:173) - Starting service [Tomcat]
2022-59-23 18:59:29.335 [main] INFO  org.apache.catalina.core.StandardEngine(DirectJDKLog.java:173) - Starting Servlet engine: [Apache Tomcat/9.0.56]
2022-59-23 18:59:29.423 [main] INFO  org.apache.catalina.core.ContainerBase.[Tomcat].[localhost].[/platform](DirectJDKLog.java:173) - Initializing Spring embedded WebApplicationContext
2022-59-23 18:59:30.267 [main] INFO  org.apache.coyote.http11.Http11NioProtocol(DirectJDKLog.java:173) - Starting ProtocolHandler ["http-nio-8081"]
2022-59-23 18:59:30.292 [main] INFO  com.hdz.socialplatform.SocialPlatformApplication(StartupInfoLogger.java:61) - Started SocialPlatformApplication in 2.647 seconds (JVM running for 3.603)
2022-59-23 18:59:30.421 [http-nio-8081-exec-1] INFO  org.apache.catalina.core.ContainerBase.[Tomcat].[localhost].[/platform](DirectJDKLog.java:173) - Initializing Spring DispatcherServlet 'dispatcherServlet'
2022-59-23 18:59:30.616 [http-nio-8081-exec-1] WARN  org.apache.catalina.util.SessionIdGeneratorBase(DirectJDKLog.java:173) - Creation of SecureRandom instance for session ID generation using [SHA1PRNG] took [172] milliseconds.
2022-59-23 18:59:32.176 [http-nio-8081-exec-3] INFO  com.alibaba.druid.pool.DruidDataSource(DruidDataSource.java:923) - {dataSource-1} inited
2022-59-23 18:59:32.309 [http-nio-8081-exec-3] INFO  com.hdz.socialplatform.controller.UserController(UserController.java:52) - User{id=1, name='xiao', avatar='xiao.png', profile='降魔大圣', fansNum=3, followsNum=4, events=null}
2022-59-23 18:59:45.030 [http-nio-8081-exec-6] INFO  com.hdz.socialplatform.controller.PostController(PostController.java:88) - name=content value=åç¹æ³è¯´ç......
2022-59-23 18:59:45.031 [http-nio-8081-exec-6] INFO  com.hdz.socialplatform.controller.PostController(PostController.java:98) - fileName=xiao.png
2022-59-23 18:59:45.032 [http-nio-8081-exec-6] ERROR com.hdz.socialplatform.controller.PostController(PostController.java:62) - java.io.FileNotFoundException: E:\Project\IdeaProjects\socialplatform\pictures\1\xiao.png (系统找不到指定的路径。)
2022-00-23 19:00:42.274 [main] INFO  com.hdz.socialplatform.SocialPlatformApplication(StartupInfoLogger.java:55) - Starting SocialPlatformApplication using Java 12.0.2 on Hdz with PID 34200 (E:\Project\IdeaProjects\socialplatform\target\classes started by Administrator in E:\Project\IdeaProjects\socialplatform)
2022-00-23 19:00:42.281 [main] INFO  com.hdz.socialplatform.SocialPlatformApplication(SpringApplication.java:637) - No active profile set, falling back to default profiles: default
2022-00-23 19:00:43.319 [main] INFO  org.apache.coyote.http11.Http11NioProtocol(DirectJDKLog.java:173) - Initializing ProtocolHandler ["http-nio-8081"]
2022-00-23 19:00:43.320 [main] INFO  org.apache.catalina.core.StandardService(DirectJDKLog.java:173) - Starting service [Tomcat]
2022-00-23 19:00:43.320 [main] INFO  org.apache.catalina.core.StandardEngine(DirectJDKLog.java:173) - Starting Servlet engine: [Apache Tomcat/9.0.56]
2022-00-23 19:00:43.389 [main] INFO  org.apache.catalina.core.ContainerBase.[Tomcat].[localhost].[/platform](DirectJDKLog.java:173) - Initializing Spring embedded WebApplicationContext
2022-00-23 19:00:44.161 [main] INFO  org.apache.coyote.http11.Http11NioProtocol(DirectJDKLog.java:173) - Starting ProtocolHandler ["http-nio-8081"]
2022-00-23 19:00:44.185 [main] INFO  com.hdz.socialplatform.SocialPlatformApplication(StartupInfoLogger.java:61) - Started SocialPlatformApplication in 2.484 seconds (JVM running for 3.341)
2022-00-23 19:00:47.773 [http-nio-8081-exec-1] INFO  org.apache.catalina.core.ContainerBase.[Tomcat].[localhost].[/platform](DirectJDKLog.java:173) - Initializing Spring DispatcherServlet 'dispatcherServlet'
2022-00-23 19:00:47.965 [http-nio-8081-exec-1] WARN  org.apache.catalina.util.SessionIdGeneratorBase(DirectJDKLog.java:173) - Creation of SecureRandom instance for session ID generation using [SHA1PRNG] took [170] milliseconds.
2022-00-23 19:00:49.109 [http-nio-8081-exec-3] INFO  com.alibaba.druid.pool.DruidDataSource(DruidDataSource.java:923) - {dataSource-1} inited
2022-00-23 19:00:49.238 [http-nio-8081-exec-3] INFO  com.hdz.socialplatform.controller.UserController(UserController.java:52) - User{id=1, name='xiao', avatar='xiao.png', profile='降魔大圣', fansNum=3, followsNum=4, events=null}
2022-00-23 19:00:58.120 [http-nio-8081-exec-6] INFO  com.hdz.socialplatform.controller.PostController(PostController.java:88) - name=content value=åç¹æ³è¯´ç......
2022-00-23 19:00:58.120 [http-nio-8081-exec-6] INFO  com.hdz.socialplatform.controller.PostController(PostController.java:98) - fileName=xiao.png
2022-00-23 19:00:58.122 [http-nio-8081-exec-6] ERROR com.hdz.socialplatform.controller.PostController(PostController.java:62) - java.io.FileNotFoundException: E:\Project\IdeaProjects\socialplatform\pictures\1\xiao.png (系统找不到指定的路径。)
