2022-02-14 00:02:59.992 [http-nio-8081-exec-1] WARN  org.apache.catalina.util.SessionIdGeneratorBase(DirectJDKLog.java:173) - Creation of SecureRandom instance for session ID generation using [SHA1PRNG] took [171] milliseconds.
2022-14-14 00:14:16.315 [http-nio-8081-exec-1] WARN  org.apache.catalina.util.SessionIdGeneratorBase(DirectJDKLog.java:173) - Creation of SecureRandom instance for session ID generation using [SHA1PRNG] took [175] milliseconds.
2022-20-14 00:20:38.979 [http-nio-8081-exec-1] WARN  org.apache.catalina.util.SessionIdGeneratorBase(DirectJDKLog.java:173) - Creation of SecureRandom instance for session ID generation using [SHA1PRNG] took [166] milliseconds.
2022-37-14 00:37:00.869 [http-nio-8081-exec-2] WARN  org.apache.catalina.util.SessionIdGeneratorBase(DirectJDKLog.java:173) - Creation of SecureRandom instance for session ID generation using [SHA1PRNG] took [254] milliseconds.
2022-37-14 10:37:31.089 [http-nio-8081-exec-2] WARN  org.apache.catalina.util.SessionIdGeneratorBase(DirectJDKLog.java:173) - Creation of SecureRandom instance for session ID generation using [SHA1PRNG] took [258] milliseconds.
2022-40-14 10:40:09.016 [http-nio-8081-exec-1] WARN  org.apache.catalina.util.SessionIdGeneratorBase(DirectJDKLog.java:173) - Creation of SecureRandom instance for session ID generation using [SHA1PRNG] took [168] milliseconds.
2022-49-14 10:49:59.566 [http-nio-8081-exec-1] WARN  org.apache.catalina.util.SessionIdGeneratorBase(DirectJDKLog.java:173) - Creation of SecureRandom instance for session ID generation using [SHA1PRNG] took [167] milliseconds.
2022-55-14 10:55:00.757 [http-nio-8081-exec-2] WARN  org.apache.catalina.util.SessionIdGeneratorBase(DirectJDKLog.java:173) - Creation of SecureRandom instance for session ID generation using [SHA1PRNG] took [169] milliseconds.
2022-24-14 11:24:49.126 [http-nio-8081-exec-2] WARN  org.apache.catalina.util.SessionIdGeneratorBase(DirectJDKLog.java:173) - Creation of SecureRandom instance for session ID generation using [SHA1PRNG] took [282] milliseconds.
2022-27-14 11:27:16.614 [http-nio-8081-exec-1] WARN  org.apache.catalina.util.SessionIdGeneratorBase(DirectJDKLog.java:173) - Creation of SecureRandom instance for session ID generation using [SHA1PRNG] took [214] milliseconds.
2022-28-14 11:28:31.522 [http-nio-8081-exec-1] WARN  org.apache.catalina.util.SessionIdGeneratorBase(DirectJDKLog.java:173) - Creation of SecureRandom instance for session ID generation using [SHA1PRNG] took [193] milliseconds.
2022-31-14 11:31:10.261 [http-nio-8081-exec-1] WARN  org.apache.catalina.util.SessionIdGeneratorBase(DirectJDKLog.java:173) - Creation of SecureRandom instance for session ID generation using [SHA1PRNG] took [210] milliseconds.
2022-45-14 11:45:56.905 [http-nio-8081-exec-2] WARN  org.apache.catalina.util.SessionIdGeneratorBase(DirectJDKLog.java:173) - Creation of SecureRandom instance for session ID generation using [SHA1PRNG] took [208] milliseconds.
2022-45-14 11:45:56.923 [http-nio-8081-exec-3] ERROR org.apache.catalina.core.ContainerBase.[Tomcat].[localhost].[/platform].[dispatcherServlet](DirectJDKLog.java:175) - Servlet.service() for servlet [dispatcherServlet] in context with path [/platform] threw exception [Request processing failed; nested exception is org.springframework.context.ApplicationContextException: Failed to parse [page/home.ftl]; nested exception is freemarker.core.ParseException: Syntax error in template "page/home.ftl" in line 11, column 46:
You can't use ${...} (an interpolation) here as you are already in FreeMarker-expression-mode. Thus, instead of ${myExpression}, just write myExpression. (${...} is only used where otherwise static text is expected, i.e., outside FreeMarker tags and interpolations, or inside string literals.)] with root cause
freemarker.core.ParseException: Syntax error in template "page/home.ftl" in line 11, column 46:
You can't use ${...} (an interpolation) here as you are already in FreeMarker-expression-mode. Thus, instead of ${myExpression}, just write myExpression. (${...} is only used where otherwise static text is expected, i.e., outside FreeMarker tags and interpolations, or inside string literals.)
	at freemarker.core.TokenMgrError.toParseException(TokenMgrError.java:260) ~[freemarker-2.3.31.jar:2.3.31]
	at freemarker.template.Template.<init>(Template.java:268) ~[freemarker-2.3.31.jar:2.3.31]
	at freemarker.cache.TemplateCache.loadTemplate(TemplateCache.java:548) ~[freemarker-2.3.31.jar:2.3.31]
	at freemarker.cache.TemplateCache.getTemplateInternal(TemplateCache.java:439) ~[freemarker-2.3.31.jar:2.3.31]
	at freemarker.cache.TemplateCache.getTemplate(TemplateCache.java:292) ~[freemarker-2.3.31.jar:2.3.31]
	at freemarker.template.Configuration.getTemplate(Configuration.java:2836) ~[freemarker-2.3.31.jar:2.3.31]
	at freemarker.template.Configuration.getTemplate(Configuration.java:2694) ~[freemarker-2.3.31.jar:2.3.31]
	at org.springframework.web.servlet.view.freemarker.FreeMarkerView.getTemplate(FreeMarkerView.java:375) ~[spring-webmvc-5.3.15.jar:5.3.15]
	at org.springframework.web.servlet.view.freemarker.FreeMarkerView.checkResource(FreeMarkerView.java:229) ~[spring-webmvc-5.3.15.jar:5.3.15]
	at org.springframework.web.servlet.view.UrlBasedViewResolver.loadView(UrlBasedViewResolver.java:551) ~[spring-webmvc-5.3.15.jar:5.3.15]
	at org.springframework.web.servlet.view.AbstractCachingViewResolver.createView(AbstractCachingViewResolver.java:275) ~[spring-webmvc-5.3.15.jar:5.3.15]
	at org.springframework.web.servlet.view.UrlBasedViewResolver.createView(UrlBasedViewResolver.java:491) ~[spring-webmvc-5.3.15.jar:5.3.15]
	at org.springframework.web.servlet.view.AbstractCachingViewResolver.resolveViewName(AbstractCachingViewResolver.java:174) ~[spring-webmvc-5.3.15.jar:5.3.15]
	at org.springframework.web.servlet.view.ContentNegotiatingViewResolver.getCandidateViews(ContentNegotiatingViewResolver.java:310) ~[spring-webmvc-5.3.15.jar:5.3.15]
	at org.springframework.web.servlet.view.ContentNegotiatingViewResolver.resolveViewName(ContentNegotiatingViewResolver.java:228) ~[spring-webmvc-5.3.15.jar:5.3.15]
	at org.springframework.web.servlet.DispatcherServlet.resolveViewName(DispatcherServlet.java:1442) ~[spring-webmvc-5.3.15.jar:5.3.15]
	at org.springframework.web.servlet.DispatcherServlet.render(DispatcherServlet.java:1377) ~[spring-webmvc-5.3.15.jar:5.3.15]
	at org.springframework.web.servlet.DispatcherServlet.processDispatchResult(DispatcherServlet.java:1145) ~[spring-webmvc-5.3.15.jar:5.3.15]
	at org.springframework.web.servlet.DispatcherServlet.doDispatch(DispatcherServlet.java:1084) ~[spring-webmvc-5.3.15.jar:5.3.15]
	at org.springframework.web.servlet.DispatcherServlet.doService(DispatcherServlet.java:963) ~[spring-webmvc-5.3.15.jar:5.3.15]
	at org.springframework.web.servlet.FrameworkServlet.processRequest(FrameworkServlet.java:1006) ~[spring-webmvc-5.3.15.jar:5.3.15]
	at org.springframework.web.servlet.FrameworkServlet.doGet(FrameworkServlet.java:898) ~[spring-webmvc-5.3.15.jar:5.3.15]
	at javax.servlet.http.HttpServlet.service(HttpServlet.java:655) ~[tomcat-embed-core-9.0.56.jar:4.0.FR]
	at org.springframework.web.servlet.FrameworkServlet.service(FrameworkServlet.java:883) ~[spring-webmvc-5.3.15.jar:5.3.15]
	at javax.servlet.http.HttpServlet.service(HttpServlet.java:764) ~[tomcat-embed-core-9.0.56.jar:4.0.FR]
	at org.apache.catalina.core.ApplicationFilterChain.internalDoFilter(ApplicationFilterChain.java:227) ~[tomcat-embed-core-9.0.56.jar:9.0.56]
	at org.apache.catalina.core.ApplicationFilterChain.doFilter(ApplicationFilterChain.java:162) ~[tomcat-embed-core-9.0.56.jar:9.0.56]
	at org.apache.tomcat.websocket.server.WsFilter.doFilter(WsFilter.java:53) ~[tomcat-embed-websocket-9.0.56.jar:9.0.56]
	at org.apache.catalina.core.ApplicationFilterChain.internalDoFilter(ApplicationFilterChain.java:189) ~[tomcat-embed-core-9.0.56.jar:9.0.56]
	at org.apache.catalina.core.ApplicationFilterChain.doFilter(ApplicationFilterChain.java:162) ~[tomcat-embed-core-9.0.56.jar:9.0.56]
	at org.springframework.web.filter.RequestContextFilter.doFilterInternal(RequestContextFilter.java:100) ~[spring-web-5.3.15.jar:5.3.15]
	at org.springframework.web.filter.OncePerRequestFilter.doFilter(OncePerRequestFilter.java:117) ~[spring-web-5.3.15.jar:5.3.15]
	at org.apache.catalina.core.ApplicationFilterChain.internalDoFilter(ApplicationFilterChain.java:189) ~[tomcat-embed-core-9.0.56.jar:9.0.56]
	at org.apache.catalina.core.ApplicationFilterChain.doFilter(ApplicationFilterChain.java:162) ~[tomcat-embed-core-9.0.56.jar:9.0.56]
	at org.springframework.web.filter.FormContentFilter.doFilterInternal(FormContentFilter.java:93) ~[spring-web-5.3.15.jar:5.3.15]
	at org.springframework.web.filter.OncePerRequestFilter.doFilter(OncePerRequestFilter.java:117) ~[spring-web-5.3.15.jar:5.3.15]
	at org.apache.catalina.core.ApplicationFilterChain.internalDoFilter(ApplicationFilterChain.java:189) ~[tomcat-embed-core-9.0.56.jar:9.0.56]
	at org.apache.catalina.core.ApplicationFilterChain.doFilter(ApplicationFilterChain.java:162) ~[tomcat-embed-core-9.0.56.jar:9.0.56]
	at org.springframework.web.filter.CharacterEncodingFilter.doFilterInternal(CharacterEncodingFilter.java:201) ~[spring-web-5.3.15.jar:5.3.15]
	at org.springframework.web.filter.OncePerRequestFilter.doFilter(OncePerRequestFilter.java:117) ~[spring-web-5.3.15.jar:5.3.15]
	at org.apache.catalina.core.ApplicationFilterChain.internalDoFilter(ApplicationFilterChain.java:189) ~[tomcat-embed-core-9.0.56.jar:9.0.56]
	at org.apache.catalina.core.ApplicationFilterChain.doFilter(ApplicationFilterChain.java:162) ~[tomcat-embed-core-9.0.56.jar:9.0.56]
	at org.apache.catalina.core.StandardWrapperValve.invoke(StandardWrapperValve.java:197) [tomcat-embed-core-9.0.56.jar:9.0.56]
	at org.apache.catalina.core.StandardContextValve.invoke(StandardContextValve.java:97) [tomcat-embed-core-9.0.56.jar:9.0.56]
	at org.apache.catalina.authenticator.AuthenticatorBase.invoke(AuthenticatorBase.java:540) [tomcat-embed-core-9.0.56.jar:9.0.56]
	at org.apache.catalina.core.StandardHostValve.invoke(StandardHostValve.java:135) [tomcat-embed-core-9.0.56.jar:9.0.56]
	at org.apache.catalina.valves.ErrorReportValve.invoke(ErrorReportValve.java:92) [tomcat-embed-core-9.0.56.jar:9.0.56]
	at org.apache.catalina.core.StandardEngineValve.invoke(StandardEngineValve.java:78) [tomcat-embed-core-9.0.56.jar:9.0.56]
	at org.apache.catalina.connector.CoyoteAdapter.service(CoyoteAdapter.java:357) [tomcat-embed-core-9.0.56.jar:9.0.56]
	at org.apache.coyote.http11.Http11Processor.service(Http11Processor.java:382) [tomcat-embed-core-9.0.56.jar:9.0.56]
	at org.apache.coyote.AbstractProcessorLight.process(AbstractProcessorLight.java:65) [tomcat-embed-core-9.0.56.jar:9.0.56]
	at org.apache.coyote.AbstractProtocol$ConnectionHandler.process(AbstractProtocol.java:895) [tomcat-embed-core-9.0.56.jar:9.0.56]
	at org.apache.tomcat.util.net.NioEndpoint$SocketProcessor.doRun(NioEndpoint.java:1732) [tomcat-embed-core-9.0.56.jar:9.0.56]
	at org.apache.tomcat.util.net.SocketProcessorBase.run(SocketProcessorBase.java:49) [tomcat-embed-core-9.0.56.jar:9.0.56]
	at org.apache.tomcat.util.threads.ThreadPoolExecutor.runWorker(ThreadPoolExecutor.java:1191) [tomcat-embed-core-9.0.56.jar:9.0.56]
	at org.apache.tomcat.util.threads.ThreadPoolExecutor$Worker.run(ThreadPoolExecutor.java:659) [tomcat-embed-core-9.0.56.jar:9.0.56]
	at org.apache.tomcat.util.threads.TaskThread$WrappingRunnable.run(TaskThread.java:61) [tomcat-embed-core-9.0.56.jar:9.0.56]
	at java.lang.Thread.run(Thread.java:835) [?:?]
2022-46-14 11:46:29.351 [http-nio-8081-exec-1] WARN  org.apache.catalina.util.SessionIdGeneratorBase(DirectJDKLog.java:173) - Creation of SecureRandom instance for session ID generation using [SHA1PRNG] took [172] milliseconds.
2022-46-14 11:46:30.985 [http-nio-8081-exec-4] ERROR org.apache.catalina.core.ContainerBase.[Tomcat].[localhost].[/platform].[dispatcherServlet](DirectJDKLog.java:175) - Servlet.service() for servlet [dispatcherServlet] in context with path [/platform] threw exception [Request processing failed; nested exception is org.springframework.context.ApplicationContextException: Failed to parse [page/home.ftl]; nested exception is freemarker.core.ParseException: Syntax error in template "page/home.ftl" in line 11, column 46:
You can't use ${...} (an interpolation) here as you are already in FreeMarker-expression-mode. Thus, instead of ${myExpression}, just write myExpression. (${...} is only used where otherwise static text is expected, i.e., outside FreeMarker tags and interpolations, or inside string literals.)] with root cause
freemarker.core.ParseException: Syntax error in template "page/home.ftl" in line 11, column 46:
You can't use ${...} (an interpolation) here as you are already in FreeMarker-expression-mode. Thus, instead of ${myExpression}, just write myExpression. (${...} is only used where otherwise static text is expected, i.e., outside FreeMarker tags and interpolations, or inside string literals.)
	at freemarker.core.TokenMgrError.toParseException(TokenMgrError.java:260) ~[freemarker-2.3.31.jar:2.3.31]
	at freemarker.template.Template.<init>(Template.java:268) ~[freemarker-2.3.31.jar:2.3.31]
	at freemarker.cache.TemplateCache.loadTemplate(TemplateCache.java:548) ~[freemarker-2.3.31.jar:2.3.31]
	at freemarker.cache.TemplateCache.getTemplateInternal(TemplateCache.java:439) ~[freemarker-2.3.31.jar:2.3.31]
	at freemarker.cache.TemplateCache.getTemplate(TemplateCache.java:292) ~[freemarker-2.3.31.jar:2.3.31]
	at freemarker.template.Configuration.getTemplate(Configuration.java:2836) ~[freemarker-2.3.31.jar:2.3.31]
	at freemarker.template.Configuration.getTemplate(Configuration.java:2694) ~[freemarker-2.3.31.jar:2.3.31]
	at org.springframework.web.servlet.view.freemarker.FreeMarkerView.getTemplate(FreeMarkerView.java:375) ~[spring-webmvc-5.3.15.jar:5.3.15]
	at org.springframework.web.servlet.view.freemarker.FreeMarkerView.checkResource(FreeMarkerView.java:229) ~[spring-webmvc-5.3.15.jar:5.3.15]
	at org.springframework.web.servlet.view.UrlBasedViewResolver.loadView(UrlBasedViewResolver.java:551) ~[spring-webmvc-5.3.15.jar:5.3.15]
	at org.springframework.web.servlet.view.AbstractCachingViewResolver.createView(AbstractCachingViewResolver.java:275) ~[spring-webmvc-5.3.15.jar:5.3.15]
	at org.springframework.web.servlet.view.UrlBasedViewResolver.createView(UrlBasedViewResolver.java:491) ~[spring-webmvc-5.3.15.jar:5.3.15]
	at org.springframework.web.servlet.view.AbstractCachingViewResolver.resolveViewName(AbstractCachingViewResolver.java:174) ~[spring-webmvc-5.3.15.jar:5.3.15]
	at org.springframework.web.servlet.view.ContentNegotiatingViewResolver.getCandidateViews(ContentNegotiatingViewResolver.java:310) ~[spring-webmvc-5.3.15.jar:5.3.15]
	at org.springframework.web.servlet.view.ContentNegotiatingViewResolver.resolveViewName(ContentNegotiatingViewResolver.java:228) ~[spring-webmvc-5.3.15.jar:5.3.15]
	at org.springframework.web.servlet.DispatcherServlet.resolveViewName(DispatcherServlet.java:1442) ~[spring-webmvc-5.3.15.jar:5.3.15]
	at org.springframework.web.servlet.DispatcherServlet.render(DispatcherServlet.java:1377) ~[spring-webmvc-5.3.15.jar:5.3.15]
	at org.springframework.web.servlet.DispatcherServlet.processDispatchResult(DispatcherServlet.java:1145) ~[spring-webmvc-5.3.15.jar:5.3.15]
	at org.springframework.web.servlet.DispatcherServlet.doDispatch(DispatcherServlet.java:1084) ~[spring-webmvc-5.3.15.jar:5.3.15]
	at org.springframework.web.servlet.DispatcherServlet.doService(DispatcherServlet.java:963) ~[spring-webmvc-5.3.15.jar:5.3.15]
	at org.springframework.web.servlet.FrameworkServlet.processRequest(FrameworkServlet.java:1006) ~[spring-webmvc-5.3.15.jar:5.3.15]
	at org.springframework.web.servlet.FrameworkServlet.doGet(FrameworkServlet.java:898) ~[spring-webmvc-5.3.15.jar:5.3.15]
	at javax.servlet.http.HttpServlet.service(HttpServlet.java:655) ~[tomcat-embed-core-9.0.56.jar:4.0.FR]
	at org.springframework.web.servlet.FrameworkServlet.service(FrameworkServlet.java:883) ~[spring-webmvc-5.3.15.jar:5.3.15]
	at javax.servlet.http.HttpServlet.service(HttpServlet.java:764) ~[tomcat-embed-core-9.0.56.jar:4.0.FR]
	at org.apache.catalina.core.ApplicationFilterChain.internalDoFilter(ApplicationFilterChain.java:227) ~[tomcat-embed-core-9.0.56.jar:9.0.56]
	at org.apache.catalina.core.ApplicationFilterChain.doFilter(ApplicationFilterChain.java:162) ~[tomcat-embed-core-9.0.56.jar:9.0.56]
	at org.apache.tomcat.websocket.server.WsFilter.doFilter(WsFilter.java:53) ~[tomcat-embed-websocket-9.0.56.jar:9.0.56]
	at org.apache.catalina.core.ApplicationFilterChain.internalDoFilter(ApplicationFilterChain.java:189) ~[tomcat-embed-core-9.0.56.jar:9.0.56]
	at org.apache.catalina.core.ApplicationFilterChain.doFilter(ApplicationFilterChain.java:162) ~[tomcat-embed-core-9.0.56.jar:9.0.56]
	at org.springframework.web.filter.RequestContextFilter.doFilterInternal(RequestContextFilter.java:100) ~[spring-web-5.3.15.jar:5.3.15]
	at org.springframework.web.filter.OncePerRequestFilter.doFilter(OncePerRequestFilter.java:117) ~[spring-web-5.3.15.jar:5.3.15]
	at org.apache.catalina.core.ApplicationFilterChain.internalDoFilter(ApplicationFilterChain.java:189) ~[tomcat-embed-core-9.0.56.jar:9.0.56]
	at org.apache.catalina.core.ApplicationFilterChain.doFilter(ApplicationFilterChain.java:162) ~[tomcat-embed-core-9.0.56.jar:9.0.56]
	at org.springframework.web.filter.FormContentFilter.doFilterInternal(FormContentFilter.java:93) ~[spring-web-5.3.15.jar:5.3.15]
	at org.springframework.web.filter.OncePerRequestFilter.doFilter(OncePerRequestFilter.java:117) ~[spring-web-5.3.15.jar:5.3.15]
	at org.apache.catalina.core.ApplicationFilterChain.internalDoFilter(ApplicationFilterChain.java:189) ~[tomcat-embed-core-9.0.56.jar:9.0.56]
	at org.apache.catalina.core.ApplicationFilterChain.doFilter(ApplicationFilterChain.java:162) ~[tomcat-embed-core-9.0.56.jar:9.0.56]
	at org.springframework.web.filter.CharacterEncodingFilter.doFilterInternal(CharacterEncodingFilter.java:201) ~[spring-web-5.3.15.jar:5.3.15]
	at org.springframework.web.filter.OncePerRequestFilter.doFilter(OncePerRequestFilter.java:117) ~[spring-web-5.3.15.jar:5.3.15]
	at org.apache.catalina.core.ApplicationFilterChain.internalDoFilter(ApplicationFilterChain.java:189) ~[tomcat-embed-core-9.0.56.jar:9.0.56]
	at org.apache.catalina.core.ApplicationFilterChain.doFilter(ApplicationFilterChain.java:162) ~[tomcat-embed-core-9.0.56.jar:9.0.56]
	at org.apache.catalina.core.StandardWrapperValve.invoke(StandardWrapperValve.java:197) [tomcat-embed-core-9.0.56.jar:9.0.56]
	at org.apache.catalina.core.StandardContextValve.invoke(StandardContextValve.java:97) [tomcat-embed-core-9.0.56.jar:9.0.56]
	at org.apache.catalina.authenticator.AuthenticatorBase.invoke(AuthenticatorBase.java:540) [tomcat-embed-core-9.0.56.jar:9.0.56]
	at org.apache.catalina.core.StandardHostValve.invoke(StandardHostValve.java:135) [tomcat-embed-core-9.0.56.jar:9.0.56]
	at org.apache.catalina.valves.ErrorReportValve.invoke(ErrorReportValve.java:92) [tomcat-embed-core-9.0.56.jar:9.0.56]
	at org.apache.catalina.core.StandardEngineValve.invoke(StandardEngineValve.java:78) [tomcat-embed-core-9.0.56.jar:9.0.56]
	at org.apache.catalina.connector.CoyoteAdapter.service(CoyoteAdapter.java:357) [tomcat-embed-core-9.0.56.jar:9.0.56]
	at org.apache.coyote.http11.Http11Processor.service(Http11Processor.java:382) [tomcat-embed-core-9.0.56.jar:9.0.56]
	at org.apache.coyote.AbstractProcessorLight.process(AbstractProcessorLight.java:65) [tomcat-embed-core-9.0.56.jar:9.0.56]
	at org.apache.coyote.AbstractProtocol$ConnectionHandler.process(AbstractProtocol.java:895) [tomcat-embed-core-9.0.56.jar:9.0.56]
	at org.apache.tomcat.util.net.NioEndpoint$SocketProcessor.doRun(NioEndpoint.java:1732) [tomcat-embed-core-9.0.56.jar:9.0.56]
	at org.apache.tomcat.util.net.SocketProcessorBase.run(SocketProcessorBase.java:49) [tomcat-embed-core-9.0.56.jar:9.0.56]
	at org.apache.tomcat.util.threads.ThreadPoolExecutor.runWorker(ThreadPoolExecutor.java:1191) [tomcat-embed-core-9.0.56.jar:9.0.56]
	at org.apache.tomcat.util.threads.ThreadPoolExecutor$Worker.run(ThreadPoolExecutor.java:659) [tomcat-embed-core-9.0.56.jar:9.0.56]
	at org.apache.tomcat.util.threads.TaskThread$WrappingRunnable.run(TaskThread.java:61) [tomcat-embed-core-9.0.56.jar:9.0.56]
	at java.lang.Thread.run(Thread.java:835) [?:?]
2022-47-14 11:47:16.262 [http-nio-8081-exec-1] WARN  org.apache.catalina.util.SessionIdGeneratorBase(DirectJDKLog.java:173) - Creation of SecureRandom instance for session ID generation using [SHA1PRNG] took [171] milliseconds.
2022-47-14 11:47:51.233 [http-nio-8081-exec-1] WARN  org.apache.catalina.util.SessionIdGeneratorBase(DirectJDKLog.java:173) - Creation of SecureRandom instance for session ID generation using [SHA1PRNG] took [238] milliseconds.
2022-47-14 11:47:53.440 [http-nio-8081-exec-4] ERROR org.apache.catalina.core.ContainerBase.[Tomcat].[localhost].[/platform].[dispatcherServlet](DirectJDKLog.java:175) - Servlet.service() for servlet [dispatcherServlet] in context with path [/platform] threw exception [Request processing failed; nested exception is org.springframework.context.ApplicationContextException: Failed to parse [page/home.ftl]; nested exception is freemarker.core.ParseException: Syntax error in template "page/home.ftl" in line 11, column 47:
You can't use ${...} (an interpolation) here as you are already in FreeMarker-expression-mode. Thus, instead of ${myExpression}, just write myExpression. (${...} is only used where otherwise static text is expected, i.e., outside FreeMarker tags and interpolations, or inside string literals.)] with root cause
freemarker.core.ParseException: Syntax error in template "page/home.ftl" in line 11, column 47:
You can't use ${...} (an interpolation) here as you are already in FreeMarker-expression-mode. Thus, instead of ${myExpression}, just write myExpression. (${...} is only used where otherwise static text is expected, i.e., outside FreeMarker tags and interpolations, or inside string literals.)
	at freemarker.core.TokenMgrError.toParseException(TokenMgrError.java:260) ~[freemarker-2.3.31.jar:2.3.31]
	at freemarker.template.Template.<init>(Template.java:268) ~[freemarker-2.3.31.jar:2.3.31]
	at freemarker.cache.TemplateCache.loadTemplate(TemplateCache.java:548) ~[freemarker-2.3.31.jar:2.3.31]
	at freemarker.cache.TemplateCache.getTemplateInternal(TemplateCache.java:439) ~[freemarker-2.3.31.jar:2.3.31]
	at freemarker.cache.TemplateCache.getTemplate(TemplateCache.java:292) ~[freemarker-2.3.31.jar:2.3.31]
	at freemarker.template.Configuration.getTemplate(Configuration.java:2836) ~[freemarker-2.3.31.jar:2.3.31]
	at freemarker.template.Configuration.getTemplate(Configuration.java:2694) ~[freemarker-2.3.31.jar:2.3.31]
	at org.springframework.web.servlet.view.freemarker.FreeMarkerView.getTemplate(FreeMarkerView.java:375) ~[spring-webmvc-5.3.15.jar:5.3.15]
	at org.springframework.web.servlet.view.freemarker.FreeMarkerView.checkResource(FreeMarkerView.java:229) ~[spring-webmvc-5.3.15.jar:5.3.15]
	at org.springframework.web.servlet.view.UrlBasedViewResolver.loadView(UrlBasedViewResolver.java:551) ~[spring-webmvc-5.3.15.jar:5.3.15]
	at org.springframework.web.servlet.view.AbstractCachingViewResolver.createView(AbstractCachingViewResolver.java:275) ~[spring-webmvc-5.3.15.jar:5.3.15]
	at org.springframework.web.servlet.view.UrlBasedViewResolver.createView(UrlBasedViewResolver.java:491) ~[spring-webmvc-5.3.15.jar:5.3.15]
	at org.springframework.web.servlet.view.AbstractCachingViewResolver.resolveViewName(AbstractCachingViewResolver.java:174) ~[spring-webmvc-5.3.15.jar:5.3.15]
	at org.springframework.web.servlet.view.ContentNegotiatingViewResolver.getCandidateViews(ContentNegotiatingViewResolver.java:310) ~[spring-webmvc-5.3.15.jar:5.3.15]
	at org.springframework.web.servlet.view.ContentNegotiatingViewResolver.resolveViewName(ContentNegotiatingViewResolver.java:228) ~[spring-webmvc-5.3.15.jar:5.3.15]
	at org.springframework.web.servlet.DispatcherServlet.resolveViewName(DispatcherServlet.java:1442) ~[spring-webmvc-5.3.15.jar:5.3.15]
	at org.springframework.web.servlet.DispatcherServlet.render(DispatcherServlet.java:1377) ~[spring-webmvc-5.3.15.jar:5.3.15]
	at org.springframework.web.servlet.DispatcherServlet.processDispatchResult(DispatcherServlet.java:1145) ~[spring-webmvc-5.3.15.jar:5.3.15]
	at org.springframework.web.servlet.DispatcherServlet.doDispatch(DispatcherServlet.java:1084) ~[spring-webmvc-5.3.15.jar:5.3.15]
	at org.springframework.web.servlet.DispatcherServlet.doService(DispatcherServlet.java:963) ~[spring-webmvc-5.3.15.jar:5.3.15]
	at org.springframework.web.servlet.FrameworkServlet.processRequest(FrameworkServlet.java:1006) ~[spring-webmvc-5.3.15.jar:5.3.15]
	at org.springframework.web.servlet.FrameworkServlet.doGet(FrameworkServlet.java:898) ~[spring-webmvc-5.3.15.jar:5.3.15]
	at javax.servlet.http.HttpServlet.service(HttpServlet.java:655) ~[tomcat-embed-core-9.0.56.jar:4.0.FR]
	at org.springframework.web.servlet.FrameworkServlet.service(FrameworkServlet.java:883) ~[spring-webmvc-5.3.15.jar:5.3.15]
	at javax.servlet.http.HttpServlet.service(HttpServlet.java:764) ~[tomcat-embed-core-9.0.56.jar:4.0.FR]
	at org.apache.catalina.core.ApplicationFilterChain.internalDoFilter(ApplicationFilterChain.java:227) ~[tomcat-embed-core-9.0.56.jar:9.0.56]
	at org.apache.catalina.core.ApplicationFilterChain.doFilter(ApplicationFilterChain.java:162) ~[tomcat-embed-core-9.0.56.jar:9.0.56]
	at org.apache.tomcat.websocket.server.WsFilter.doFilter(WsFilter.java:53) ~[tomcat-embed-websocket-9.0.56.jar:9.0.56]
	at org.apache.catalina.core.ApplicationFilterChain.internalDoFilter(ApplicationFilterChain.java:189) ~[tomcat-embed-core-9.0.56.jar:9.0.56]
	at org.apache.catalina.core.ApplicationFilterChain.doFilter(ApplicationFilterChain.java:162) ~[tomcat-embed-core-9.0.56.jar:9.0.56]
	at org.springframework.web.filter.RequestContextFilter.doFilterInternal(RequestContextFilter.java:100) ~[spring-web-5.3.15.jar:5.3.15]
	at org.springframework.web.filter.OncePerRequestFilter.doFilter(OncePerRequestFilter.java:117) ~[spring-web-5.3.15.jar:5.3.15]
	at org.apache.catalina.core.ApplicationFilterChain.internalDoFilter(ApplicationFilterChain.java:189) ~[tomcat-embed-core-9.0.56.jar:9.0.56]
	at org.apache.catalina.core.ApplicationFilterChain.doFilter(ApplicationFilterChain.java:162) ~[tomcat-embed-core-9.0.56.jar:9.0.56]
	at org.springframework.web.filter.FormContentFilter.doFilterInternal(FormContentFilter.java:93) ~[spring-web-5.3.15.jar:5.3.15]
	at org.springframework.web.filter.OncePerRequestFilter.doFilter(OncePerRequestFilter.java:117) ~[spring-web-5.3.15.jar:5.3.15]
	at org.apache.catalina.core.ApplicationFilterChain.internalDoFilter(ApplicationFilterChain.java:189) ~[tomcat-embed-core-9.0.56.jar:9.0.56]
	at org.apache.catalina.core.ApplicationFilterChain.doFilter(ApplicationFilterChain.java:162) ~[tomcat-embed-core-9.0.56.jar:9.0.56]
	at org.springframework.web.filter.CharacterEncodingFilter.doFilterInternal(CharacterEncodingFilter.java:201) ~[spring-web-5.3.15.jar:5.3.15]
	at org.springframework.web.filter.OncePerRequestFilter.doFilter(OncePerRequestFilter.java:117) ~[spring-web-5.3.15.jar:5.3.15]
	at org.apache.catalina.core.ApplicationFilterChain.internalDoFilter(ApplicationFilterChain.java:189) ~[tomcat-embed-core-9.0.56.jar:9.0.56]
	at org.apache.catalina.core.ApplicationFilterChain.doFilter(ApplicationFilterChain.java:162) ~[tomcat-embed-core-9.0.56.jar:9.0.56]
	at org.apache.catalina.core.StandardWrapperValve.invoke(StandardWrapperValve.java:197) [tomcat-embed-core-9.0.56.jar:9.0.56]
	at org.apache.catalina.core.StandardContextValve.invoke(StandardContextValve.java:97) [tomcat-embed-core-9.0.56.jar:9.0.56]
	at org.apache.catalina.authenticator.AuthenticatorBase.invoke(AuthenticatorBase.java:540) [tomcat-embed-core-9.0.56.jar:9.0.56]
	at org.apache.catalina.core.StandardHostValve.invoke(StandardHostValve.java:135) [tomcat-embed-core-9.0.56.jar:9.0.56]
	at org.apache.catalina.valves.ErrorReportValve.invoke(ErrorReportValve.java:92) [tomcat-embed-core-9.0.56.jar:9.0.56]
	at org.apache.catalina.core.StandardEngineValve.invoke(StandardEngineValve.java:78) [tomcat-embed-core-9.0.56.jar:9.0.56]
	at org.apache.catalina.connector.CoyoteAdapter.service(CoyoteAdapter.java:357) [tomcat-embed-core-9.0.56.jar:9.0.56]
	at org.apache.coyote.http11.Http11Processor.service(Http11Processor.java:382) [tomcat-embed-core-9.0.56.jar:9.0.56]
	at org.apache.coyote.AbstractProcessorLight.process(AbstractProcessorLight.java:65) [tomcat-embed-core-9.0.56.jar:9.0.56]
	at org.apache.coyote.AbstractProtocol$ConnectionHandler.process(AbstractProtocol.java:895) [tomcat-embed-core-9.0.56.jar:9.0.56]
	at org.apache.tomcat.util.net.NioEndpoint$SocketProcessor.doRun(NioEndpoint.java:1732) [tomcat-embed-core-9.0.56.jar:9.0.56]
	at org.apache.tomcat.util.net.SocketProcessorBase.run(SocketProcessorBase.java:49) [tomcat-embed-core-9.0.56.jar:9.0.56]
	at org.apache.tomcat.util.threads.ThreadPoolExecutor.runWorker(ThreadPoolExecutor.java:1191) [tomcat-embed-core-9.0.56.jar:9.0.56]
	at org.apache.tomcat.util.threads.ThreadPoolExecutor$Worker.run(ThreadPoolExecutor.java:659) [tomcat-embed-core-9.0.56.jar:9.0.56]
	at org.apache.tomcat.util.threads.TaskThread$WrappingRunnable.run(TaskThread.java:61) [tomcat-embed-core-9.0.56.jar:9.0.56]
	at java.lang.Thread.run(Thread.java:835) [?:?]
2022-48-14 11:48:08.408 [http-nio-8081-exec-5] ERROR org.apache.catalina.core.ContainerBase.[Tomcat].[localhost].[/platform].[dispatcherServlet](DirectJDKLog.java:175) - Servlet.service() for servlet [dispatcherServlet] in context with path [/platform] threw exception [Request processing failed; nested exception is org.springframework.context.ApplicationContextException: Failed to parse [page/home.ftl]; nested exception is freemarker.core.ParseException: Syntax error in template "page/home.ftl" in line 11, column 47:
You can't use ${...} (an interpolation) here as you are already in FreeMarker-expression-mode. Thus, instead of ${myExpression}, just write myExpression. (${...} is only used where otherwise static text is expected, i.e., outside FreeMarker tags and interpolations, or inside string literals.)] with root cause
freemarker.core.ParseException: Syntax error in template "page/home.ftl" in line 11, column 47:
You can't use ${...} (an interpolation) here as you are already in FreeMarker-expression-mode. Thus, instead of ${myExpression}, just write myExpression. (${...} is only used where otherwise static text is expected, i.e., outside FreeMarker tags and interpolations, or inside string literals.)
	at freemarker.core.TokenMgrError.toParseException(TokenMgrError.java:260) ~[freemarker-2.3.31.jar:2.3.31]
	at freemarker.template.Template.<init>(Template.java:268) ~[freemarker-2.3.31.jar:2.3.31]
	at freemarker.cache.TemplateCache.loadTemplate(TemplateCache.java:548) ~[freemarker-2.3.31.jar:2.3.31]
	at freemarker.cache.TemplateCache.getTemplateInternal(TemplateCache.java:439) ~[freemarker-2.3.31.jar:2.3.31]
	at freemarker.cache.TemplateCache.getTemplate(TemplateCache.java:292) ~[freemarker-2.3.31.jar:2.3.31]
	at freemarker.template.Configuration.getTemplate(Configuration.java:2836) ~[freemarker-2.3.31.jar:2.3.31]
	at freemarker.template.Configuration.getTemplate(Configuration.java:2694) ~[freemarker-2.3.31.jar:2.3.31]
	at org.springframework.web.servlet.view.freemarker.FreeMarkerView.getTemplate(FreeMarkerView.java:375) ~[spring-webmvc-5.3.15.jar:5.3.15]
	at org.springframework.web.servlet.view.freemarker.FreeMarkerView.checkResource(FreeMarkerView.java:229) ~[spring-webmvc-5.3.15.jar:5.3.15]
	at org.springframework.web.servlet.view.UrlBasedViewResolver.loadView(UrlBasedViewResolver.java:551) ~[spring-webmvc-5.3.15.jar:5.3.15]
	at org.springframework.web.servlet.view.AbstractCachingViewResolver.createView(AbstractCachingViewResolver.java:275) ~[spring-webmvc-5.3.15.jar:5.3.15]
	at org.springframework.web.servlet.view.UrlBasedViewResolver.createView(UrlBasedViewResolver.java:491) ~[spring-webmvc-5.3.15.jar:5.3.15]
	at org.springframework.web.servlet.view.AbstractCachingViewResolver.resolveViewName(AbstractCachingViewResolver.java:174) ~[spring-webmvc-5.3.15.jar:5.3.15]
	at org.springframework.web.servlet.view.ContentNegotiatingViewResolver.getCandidateViews(ContentNegotiatingViewResolver.java:310) ~[spring-webmvc-5.3.15.jar:5.3.15]
	at org.springframework.web.servlet.view.ContentNegotiatingViewResolver.resolveViewName(ContentNegotiatingViewResolver.java:228) ~[spring-webmvc-5.3.15.jar:5.3.15]
	at org.springframework.web.servlet.DispatcherServlet.resolveViewName(DispatcherServlet.java:1442) ~[spring-webmvc-5.3.15.jar:5.3.15]
	at org.springframework.web.servlet.DispatcherServlet.render(DispatcherServlet.java:1377) ~[spring-webmvc-5.3.15.jar:5.3.15]
	at org.springframework.web.servlet.DispatcherServlet.processDispatchResult(DispatcherServlet.java:1145) ~[spring-webmvc-5.3.15.jar:5.3.15]
	at org.springframework.web.servlet.DispatcherServlet.doDispatch(DispatcherServlet.java:1084) ~[spring-webmvc-5.3.15.jar:5.3.15]
	at org.springframework.web.servlet.DispatcherServlet.doService(DispatcherServlet.java:963) ~[spring-webmvc-5.3.15.jar:5.3.15]
	at org.springframework.web.servlet.FrameworkServlet.processRequest(FrameworkServlet.java:1006) ~[spring-webmvc-5.3.15.jar:5.3.15]
	at org.springframework.web.servlet.FrameworkServlet.doGet(FrameworkServlet.java:898) ~[spring-webmvc-5.3.15.jar:5.3.15]
	at javax.servlet.http.HttpServlet.service(HttpServlet.java:655) ~[tomcat-embed-core-9.0.56.jar:4.0.FR]
	at org.springframework.web.servlet.FrameworkServlet.service(FrameworkServlet.java:883) ~[spring-webmvc-5.3.15.jar:5.3.15]
	at javax.servlet.http.HttpServlet.service(HttpServlet.java:764) ~[tomcat-embed-core-9.0.56.jar:4.0.FR]
	at org.apache.catalina.core.ApplicationFilterChain.internalDoFilter(ApplicationFilterChain.java:227) ~[tomcat-embed-core-9.0.56.jar:9.0.56]
	at org.apache.catalina.core.ApplicationFilterChain.doFilter(ApplicationFilterChain.java:162) ~[tomcat-embed-core-9.0.56.jar:9.0.56]
	at org.apache.tomcat.websocket.server.WsFilter.doFilter(WsFilter.java:53) ~[tomcat-embed-websocket-9.0.56.jar:9.0.56]
	at org.apache.catalina.core.ApplicationFilterChain.internalDoFilter(ApplicationFilterChain.java:189) ~[tomcat-embed-core-9.0.56.jar:9.0.56]
	at org.apache.catalina.core.ApplicationFilterChain.doFilter(ApplicationFilterChain.java:162) ~[tomcat-embed-core-9.0.56.jar:9.0.56]
	at org.springframework.web.filter.RequestContextFilter.doFilterInternal(RequestContextFilter.java:100) ~[spring-web-5.3.15.jar:5.3.15]
	at org.springframework.web.filter.OncePerRequestFilter.doFilter(OncePerRequestFilter.java:117) ~[spring-web-5.3.15.jar:5.3.15]
	at org.apache.catalina.core.ApplicationFilterChain.internalDoFilter(ApplicationFilterChain.java:189) ~[tomcat-embed-core-9.0.56.jar:9.0.56]
	at org.apache.catalina.core.ApplicationFilterChain.doFilter(ApplicationFilterChain.java:162) ~[tomcat-embed-core-9.0.56.jar:9.0.56]
	at org.springframework.web.filter.FormContentFilter.doFilterInternal(FormContentFilter.java:93) ~[spring-web-5.3.15.jar:5.3.15]
	at org.springframework.web.filter.OncePerRequestFilter.doFilter(OncePerRequestFilter.java:117) ~[spring-web-5.3.15.jar:5.3.15]
	at org.apache.catalina.core.ApplicationFilterChain.internalDoFilter(ApplicationFilterChain.java:189) ~[tomcat-embed-core-9.0.56.jar:9.0.56]
	at org.apache.catalina.core.ApplicationFilterChain.doFilter(ApplicationFilterChain.java:162) ~[tomcat-embed-core-9.0.56.jar:9.0.56]
	at org.springframework.web.filter.CharacterEncodingFilter.doFilterInternal(CharacterEncodingFilter.java:201) ~[spring-web-5.3.15.jar:5.3.15]
	at org.springframework.web.filter.OncePerRequestFilter.doFilter(OncePerRequestFilter.java:117) ~[spring-web-5.3.15.jar:5.3.15]
	at org.apache.catalina.core.ApplicationFilterChain.internalDoFilter(ApplicationFilterChain.java:189) ~[tomcat-embed-core-9.0.56.jar:9.0.56]
	at org.apache.catalina.core.ApplicationFilterChain.doFilter(ApplicationFilterChain.java:162) ~[tomcat-embed-core-9.0.56.jar:9.0.56]
	at org.apache.catalina.core.StandardWrapperValve.invoke(StandardWrapperValve.java:197) [tomcat-embed-core-9.0.56.jar:9.0.56]
	at org.apache.catalina.core.StandardContextValve.invoke(StandardContextValve.java:97) [tomcat-embed-core-9.0.56.jar:9.0.56]
	at org.apache.catalina.authenticator.AuthenticatorBase.invoke(AuthenticatorBase.java:540) [tomcat-embed-core-9.0.56.jar:9.0.56]
	at org.apache.catalina.core.StandardHostValve.invoke(StandardHostValve.java:135) [tomcat-embed-core-9.0.56.jar:9.0.56]
	at org.apache.catalina.valves.ErrorReportValve.invoke(ErrorReportValve.java:92) [tomcat-embed-core-9.0.56.jar:9.0.56]
	at org.apache.catalina.core.StandardEngineValve.invoke(StandardEngineValve.java:78) [tomcat-embed-core-9.0.56.jar:9.0.56]
	at org.apache.catalina.connector.CoyoteAdapter.service(CoyoteAdapter.java:357) [tomcat-embed-core-9.0.56.jar:9.0.56]
	at org.apache.coyote.http11.Http11Processor.service(Http11Processor.java:382) [tomcat-embed-core-9.0.56.jar:9.0.56]
	at org.apache.coyote.AbstractProcessorLight.process(AbstractProcessorLight.java:65) [tomcat-embed-core-9.0.56.jar:9.0.56]
	at org.apache.coyote.AbstractProtocol$ConnectionHandler.process(AbstractProtocol.java:895) [tomcat-embed-core-9.0.56.jar:9.0.56]
	at org.apache.tomcat.util.net.NioEndpoint$SocketProcessor.doRun(NioEndpoint.java:1732) [tomcat-embed-core-9.0.56.jar:9.0.56]
	at org.apache.tomcat.util.net.SocketProcessorBase.run(SocketProcessorBase.java:49) [tomcat-embed-core-9.0.56.jar:9.0.56]
	at org.apache.tomcat.util.threads.ThreadPoolExecutor.runWorker(ThreadPoolExecutor.java:1191) [tomcat-embed-core-9.0.56.jar:9.0.56]
	at org.apache.tomcat.util.threads.ThreadPoolExecutor$Worker.run(ThreadPoolExecutor.java:659) [tomcat-embed-core-9.0.56.jar:9.0.56]
	at org.apache.tomcat.util.threads.TaskThread$WrappingRunnable.run(TaskThread.java:61) [tomcat-embed-core-9.0.56.jar:9.0.56]
	at java.lang.Thread.run(Thread.java:835) [?:?]
2022-49-14 11:49:23.708 [http-nio-8081-exec-1] WARN  org.apache.catalina.util.SessionIdGeneratorBase(DirectJDKLog.java:173) - Creation of SecureRandom instance for session ID generation using [SHA1PRNG] took [187] milliseconds.
2022-51-14 11:51:44.589 [http-nio-8081-exec-1] WARN  org.apache.catalina.util.SessionIdGeneratorBase(DirectJDKLog.java:173) - Creation of SecureRandom instance for session ID generation using [SHA1PRNG] took [167] milliseconds.
2022-52-14 11:52:28.325 [http-nio-8081-exec-1] WARN  org.apache.catalina.util.SessionIdGeneratorBase(DirectJDKLog.java:173) - Creation of SecureRandom instance for session ID generation using [SHA1PRNG] took [206] milliseconds.
2022-53-14 11:53:42.802 [http-nio-8081-exec-1] WARN  org.apache.catalina.util.SessionIdGeneratorBase(DirectJDKLog.java:173) - Creation of SecureRandom instance for session ID generation using [SHA1PRNG] took [174] milliseconds.
